Tue, 12 Jul 2016 16:24:57 mainframe.py[line:275] INFO 开始下载北京数据
Tue, 12 Jul 2016 16:24:59 mainframe.py[line:275] INFO 6市教委
Tue, 12 Jul 2016 16:24:59 mainframe.py[line:275] INFO 1市科委
Tue, 12 Jul 2016 16:25:00 mainframe.py[line:275] INFO 9市民委
Tue, 12 Jul 2016 16:25:00 mainframe.py[line:275] INFO 19市公安局
Tue, 12 Jul 2016 16:25:01 mainframe.py[line:275] INFO 11市民政局
Tue, 12 Jul 2016 16:25:01 mainframe.py[line:275] INFO 7市司法局
Tue, 12 Jul 2016 16:25:02 mainframe.py[line:275] INFO 3市国土局
Tue, 12 Jul 2016 16:25:02 mainframe.py[line:275] INFO 11市环保局
Tue, 12 Jul 2016 16:25:03 mainframe.py[line:275] INFO 4市市政市容委
Tue, 12 Jul 2016 16:25:04 mainframe.py[line:275] INFO 3市住房城乡建设委
Tue, 12 Jul 2016 16:25:05 mainframe.py[line:275] INFO 24市交通委
Tue, 12 Jul 2016 16:25:05 mainframe.py[line:275] INFO 3市水务局
Tue, 12 Jul 2016 16:25:06 mainframe.py[line:275] INFO 12市旅游委
Tue, 12 Jul 2016 16:25:06 mainframe.py[line:275] INFO 12市农委
Tue, 12 Jul 2016 16:25:07 mainframe.py[line:275] INFO 11市文化局
Tue, 12 Jul 2016 16:25:08 mainframe.py[line:275] INFO 16市卫生局
Tue, 12 Jul 2016 16:25:08 mainframe.py[line:275] INFO 1市政府外办
Tue, 12 Jul 2016 16:25:09 mainframe.py[line:275] INFO 39市社会办
Tue, 12 Jul 2016 16:25:10 mainframe.py[line:275] INFO 1市工商局
Tue, 12 Jul 2016 16:25:10 mainframe.py[line:275] INFO 2市质监局
Tue, 12 Jul 2016 16:25:11 mainframe.py[line:275] INFO 9市安全监管局
Tue, 12 Jul 2016 16:25:11 mainframe.py[line:275] INFO 4市广电局
Tue, 12 Jul 2016 16:25:12 mainframe.py[line:275] INFO 10市新闻出版局
Tue, 12 Jul 2016 16:25:12 mainframe.py[line:275] INFO 8市文物局
Tue, 12 Jul 2016 16:25:13 mainframe.py[line:275] INFO 7市体育局
Tue, 12 Jul 2016 16:25:13 mainframe.py[line:275] INFO 16市园林绿化局
Tue, 12 Jul 2016 16:25:14 mainframe.py[line:275] INFO 1市知识产权局
Tue, 12 Jul 2016 16:25:14 mainframe.py[line:275] INFO 3市民防局
Tue, 12 Jul 2016 16:25:15 mainframe.py[line:275] INFO 4市政府侨办
Tue, 12 Jul 2016 16:25:15 mainframe.py[line:275] INFO 1市信访办
Tue, 12 Jul 2016 16:25:16 mainframe.py[line:275] INFO 9中关村管委会
Tue, 12 Jul 2016 16:25:17 mainframe.py[line:275] INFO 17市农业局
Tue, 12 Jul 2016 16:25:18 mainframe.py[line:275] INFO 8市药监局
Tue, 12 Jul 2016 16:25:19 mainframe.py[line:275] INFO 3市城管执法局
Tue, 12 Jul 2016 16:25:20 mainframe.py[line:275] INFO 1市档案局
Tue, 12 Jul 2016 16:25:21 mainframe.py[line:275] INFO 4市投资促进局
Tue, 12 Jul 2016 16:25:21 mainframe.py[line:275] INFO 9市残联
Tue, 12 Jul 2016 16:25:22 mainframe.py[line:275] INFO 2市科协
Tue, 12 Jul 2016 16:25:22 mainframe.py[line:275] INFO 10北京医疗保险协会
Tue, 12 Jul 2016 16:25:22 mainframe.py[line:275] INFO 数据分析中...
Tue, 12 Jul 2016 16:25:22 mainframe.py[line:275] INFO 数据保存成功
Tue, 12 Jul 2016 16:25:26 mainframe.py[line:275] INFO 加载数据中...
Tue, 12 Jul 2016 16:25:27 __init__.py[line:111] DEBUG Building prefix dict from the default dictionary ...
Tue, 12 Jul 2016 16:25:27 __init__.py[line:131] DEBUG Loading model from cache C:\Users\audaque\AppData\Local\Temp\jieba.cache
Tue, 12 Jul 2016 16:25:28 __init__.py[line:163] DEBUG Loading model cost 1.196 seconds.
Tue, 12 Jul 2016 16:25:28 __init__.py[line:164] DEBUG Prefix dict has been built succesfully.
Tue, 12 Jul 2016 16:25:28 mainframe.py[line:275] INFO 加载数据完成
Tue, 07 12 2016 16:30:46 mainframe.py[line:275] INFO 开始下载北京数据
Tue, 07 12 2016 16:30:47 mainframe.py[line:275] INFO 6市教委
Tue, 07 12 2016 16:30:48 mainframe.py[line:275] INFO 1市科委
Tue, 07 12 2016 16:30:48 mainframe.py[line:275] INFO 9市民委
Tue, 07 12 2016 16:30:49 mainframe.py[line:275] INFO 19市公安局
Tue, 07 12 2016 16:30:50 mainframe.py[line:275] INFO 11市民政局
Tue, 07 12 2016 16:30:50 mainframe.py[line:275] INFO 7市司法局
Tue, 07 12 2016 16:30:51 mainframe.py[line:275] INFO 3市国土局
Tue, 07 12 2016 16:30:51 mainframe.py[line:275] INFO 11市环保局
Tue, 07 12 2016 16:30:52 mainframe.py[line:275] INFO 4市市政市容委
Tue, 07 12 2016 16:30:53 mainframe.py[line:275] INFO 3市住房城乡建设委
Tue, 07 12 2016 16:30:54 mainframe.py[line:275] INFO 24市交通委
Tue, 07 12 2016 16:30:54 mainframe.py[line:275] INFO 3市水务局
Tue, 07 12 2016 16:30:54 mainframe.py[line:275] INFO 12市旅游委
Tue, 07 12 2016 16:30:55 mainframe.py[line:275] INFO 12市农委
Tue, 07 12 2016 16:30:56 mainframe.py[line:275] INFO 11市文化局
Tue, 07 12 2016 16:30:56 mainframe.py[line:275] INFO 16市卫生局
Tue, 07 12 2016 16:30:57 mainframe.py[line:275] INFO 1市政府外办
Tue, 07 12 2016 16:30:58 mainframe.py[line:275] INFO 39市社会办
Tue, 07 12 2016 16:30:59 mainframe.py[line:275] INFO 1市工商局
Tue, 07 12 2016 16:30:59 mainframe.py[line:275] INFO 2市质监局
Tue, 07 12 2016 16:31:00 mainframe.py[line:275] INFO 9市安全监管局
Tue, 07 12 2016 16:31:00 mainframe.py[line:275] INFO 4市广电局
Tue, 07 12 2016 16:31:01 mainframe.py[line:275] INFO 10市新闻出版局
Tue, 07 12 2016 16:31:01 mainframe.py[line:275] INFO 8市文物局
Tue, 07 12 2016 16:31:02 mainframe.py[line:275] INFO 7市体育局
Tue, 07 12 2016 16:31:02 mainframe.py[line:275] INFO 16市园林绿化局
Tue, 07 12 2016 16:31:03 mainframe.py[line:275] INFO 1市知识产权局
Tue, 07 12 2016 16:31:03 mainframe.py[line:275] INFO 3市民防局
Tue, 07 12 2016 16:31:04 mainframe.py[line:275] INFO 4市政府侨办
Tue, 07 12 2016 16:31:04 mainframe.py[line:275] INFO 1市信访办
Tue, 07 12 2016 16:31:05 mainframe.py[line:275] INFO 9中关村管委会
Tue, 07 12 2016 16:31:06 mainframe.py[line:275] INFO 17市农业局
Tue, 07 12 2016 16:31:06 mainframe.py[line:275] INFO 8市药监局
Tue, 07 12 2016 16:31:07 mainframe.py[line:275] INFO 3市城管执法局
Tue, 07 12 2016 16:31:08 mainframe.py[line:275] INFO 1市档案局
Tue, 07 12 2016 16:31:08 mainframe.py[line:275] INFO 4市投资促进局
Tue, 07 12 2016 16:31:09 mainframe.py[line:275] INFO 9市残联
Tue, 07 12 2016 16:31:09 mainframe.py[line:275] INFO 2市科协
Tue, 07 12 2016 16:31:10 mainframe.py[line:275] INFO 10北京医疗保险协会
Tue, 07 12 2016 16:31:10 mainframe.py[line:275] INFO 数据分析中...
Tue, 07 12 2016 16:31:10 mainframe.py[line:275] INFO 数据保存成功
Tue, 07 12 2016 16:31:17 mainframe.py[line:275] INFO 加载数据中...
Tue, 07 12 2016 16:31:18 __init__.py[line:111] DEBUG Building prefix dict from the default dictionary ...
Tue, 07 12 2016 16:31:18 __init__.py[line:131] DEBUG Loading model from cache C:\Users\audaque\AppData\Local\Temp\jieba.cache
Tue, 07 12 2016 16:31:19 __init__.py[line:163] DEBUG Loading model cost 1.129 seconds.
Tue, 07 12 2016 16:31:19 __init__.py[line:164] DEBUG Prefix dict has been built succesfully.
Tue, 07 12 2016 16:31:19 mainframe.py[line:275] INFO 加载数据完成
Tue, 07 12 2016 16:33:24 mainframe.py[line:275] INFO 加载数据中...
Tue, 07 12 2016 16:33:24 mainframe.py[line:275] INFO 加载数据完成
Tue, 07 12 2016 16:57:19 mainframe.py[line:275] INFO 开始下载上海数据
Tue, 07 12 2016 16:57:20 mainframe.py[line:275] INFO 正在下载数据连接,共77页
Tue, 07 12 2016 16:57:20 mainframe.py[line:275] INFO 正在下载第1页
Tue, 07 12 2016 16:57:20 mainframe.py[line:275] INFO 正在下载第2页
Tue, 07 12 2016 16:57:21 mainframe.py[line:275] INFO 正在下载第3页
Tue, 07 12 2016 16:57:21 mainframe.py[line:275] INFO 正在下载第4页
Tue, 07 12 2016 16:57:22 mainframe.py[line:275] INFO 正在下载第5页
Tue, 07 12 2016 16:57:22 mainframe.py[line:275] INFO 正在下载第6页
Tue, 07 12 2016 16:57:23 mainframe.py[line:275] INFO 正在下载第7页
Tue, 07 12 2016 16:57:24 mainframe.py[line:275] INFO 正在下载第8页
Tue, 07 12 2016 16:57:24 mainframe.py[line:275] INFO 正在下载第9页
Tue, 07 12 2016 16:57:25 mainframe.py[line:275] INFO 正在下载第10页
Tue, 07 12 2016 16:57:25 mainframe.py[line:275] INFO 正在下载第11页
Tue, 07 12 2016 16:57:26 mainframe.py[line:275] INFO 正在下载第12页
Tue, 07 12 2016 16:57:26 mainframe.py[line:275] INFO 正在下载第13页
Tue, 07 12 2016 16:57:27 mainframe.py[line:275] INFO 正在下载第14页
Tue, 07 12 2016 16:57:28 mainframe.py[line:275] INFO 正在下载第15页
Tue, 07 12 2016 16:57:28 mainframe.py[line:275] INFO 正在下载第16页
Tue, 07 12 2016 16:57:29 mainframe.py[line:275] INFO 正在下载第17页
Tue, 07 12 2016 16:57:30 mainframe.py[line:275] INFO 正在下载第18页
Tue, 07 12 2016 16:57:30 mainframe.py[line:275] INFO 正在下载第19页
Tue, 07 12 2016 16:57:31 mainframe.py[line:275] INFO 正在下载第20页
Tue, 07 12 2016 16:57:31 mainframe.py[line:275] INFO 正在下载第21页
Tue, 07 12 2016 16:57:32 mainframe.py[line:275] INFO 正在下载第22页
Tue, 07 12 2016 16:57:32 mainframe.py[line:275] INFO 正在下载第23页
Tue, 07 12 2016 16:57:33 mainframe.py[line:275] INFO 正在下载第24页
Tue, 07 12 2016 16:57:34 mainframe.py[line:275] INFO 正在下载第25页
Tue, 07 12 2016 16:57:34 mainframe.py[line:275] INFO 正在下载第26页
Tue, 07 12 2016 16:57:35 mainframe.py[line:275] INFO 正在下载第27页
Tue, 07 12 2016 16:57:35 mainframe.py[line:275] INFO 正在下载第28页
Tue, 07 12 2016 16:57:36 mainframe.py[line:275] INFO 正在下载第29页
Tue, 07 12 2016 16:57:36 mainframe.py[line:275] INFO 正在下载第30页
Tue, 07 12 2016 16:57:37 mainframe.py[line:275] INFO 正在下载第31页
Tue, 07 12 2016 16:57:38 mainframe.py[line:275] INFO 正在下载第32页
Tue, 07 12 2016 16:57:38 mainframe.py[line:275] INFO 正在下载第33页
Tue, 07 12 2016 16:57:39 mainframe.py[line:275] INFO 正在下载第34页
Tue, 07 12 2016 16:57:39 mainframe.py[line:275] INFO 正在下载第35页
Tue, 07 12 2016 16:57:40 mainframe.py[line:275] INFO 正在下载第36页
Tue, 07 12 2016 16:57:41 mainframe.py[line:275] INFO 正在下载第37页
Tue, 07 12 2016 16:57:41 mainframe.py[line:275] INFO 正在下载第38页
Tue, 07 12 2016 16:57:42 mainframe.py[line:275] INFO 正在下载第39页
Tue, 07 12 2016 16:57:42 mainframe.py[line:275] INFO 正在下载第40页
Tue, 07 12 2016 16:57:43 mainframe.py[line:275] INFO 正在下载第41页
Tue, 07 12 2016 16:57:43 mainframe.py[line:275] INFO 正在下载第42页
Tue, 07 12 2016 16:57:44 mainframe.py[line:275] INFO 正在下载第43页
Tue, 07 12 2016 16:57:45 mainframe.py[line:275] INFO 正在下载第44页
Tue, 07 12 2016 16:57:45 mainframe.py[line:275] INFO 正在下载第45页
Tue, 07 12 2016 16:57:46 mainframe.py[line:275] INFO 正在下载第46页
Tue, 07 12 2016 16:57:47 mainframe.py[line:275] INFO 正在下载第47页
Tue, 07 12 2016 16:57:47 mainframe.py[line:275] INFO 正在下载第48页
Tue, 07 12 2016 16:57:48 mainframe.py[line:275] INFO 正在下载第49页
Tue, 07 12 2016 16:57:48 mainframe.py[line:275] INFO 正在下载第50页
Tue, 07 12 2016 16:57:49 mainframe.py[line:275] INFO 正在下载第51页
Tue, 07 12 2016 16:57:50 mainframe.py[line:275] INFO 正在下载第52页
Tue, 07 12 2016 16:57:50 mainframe.py[line:275] INFO 正在下载第53页
Tue, 07 12 2016 16:57:51 mainframe.py[line:275] INFO 正在下载第54页
Tue, 07 12 2016 16:57:52 mainframe.py[line:275] INFO 正在下载第55页
Tue, 07 12 2016 16:57:52 mainframe.py[line:275] INFO 正在下载第56页
Tue, 07 12 2016 16:57:53 mainframe.py[line:275] INFO 正在下载第57页
Tue, 07 12 2016 16:57:53 mainframe.py[line:275] INFO 正在下载第58页
Tue, 07 12 2016 16:57:54 mainframe.py[line:275] INFO 正在下载第59页
Tue, 07 12 2016 16:57:54 mainframe.py[line:275] INFO 正在下载第60页
Tue, 07 12 2016 16:57:55 mainframe.py[line:275] INFO 正在下载第61页
Tue, 07 12 2016 16:57:56 mainframe.py[line:275] INFO 正在下载第62页
Tue, 07 12 2016 16:57:57 mainframe.py[line:275] INFO 正在下载第63页
Tue, 07 12 2016 16:57:57 mainframe.py[line:275] INFO 正在下载第64页
Tue, 07 12 2016 16:57:58 mainframe.py[line:275] INFO 正在下载第65页
Tue, 07 12 2016 16:57:58 mainframe.py[line:275] INFO 正在下载第66页
Tue, 07 12 2016 16:57:59 mainframe.py[line:275] INFO 正在下载第67页
Tue, 07 12 2016 16:58:00 mainframe.py[line:275] INFO 正在下载第68页
Tue, 07 12 2016 16:58:00 mainframe.py[line:275] INFO 正在下载第69页
Tue, 07 12 2016 16:58:01 mainframe.py[line:275] INFO 正在下载第70页
Tue, 07 12 2016 16:58:01 mainframe.py[line:275] INFO 正在下载第71页
Tue, 07 12 2016 16:58:02 mainframe.py[line:275] INFO 正在下载第72页
Tue, 07 12 2016 16:58:02 mainframe.py[line:275] INFO 正在下载第73页
Tue, 07 12 2016 16:58:03 mainframe.py[line:275] INFO 正在下载第74页
Tue, 07 12 2016 16:58:04 mainframe.py[line:275] INFO 正在下载第75页
Tue, 07 12 2016 16:58:05 mainframe.py[line:275] INFO 正在下载第76页
Tue, 07 12 2016 16:58:05 mainframe.py[line:275] INFO 正在下载第77页
Tue, 07 12 2016 16:58:06 mainframe.py[line:275] INFO 正在下载应用连接,共7页
Tue, 07 12 2016 16:58:06 mainframe.py[line:275] INFO 正在下载第1页
Tue, 07 12 2016 16:58:07 mainframe.py[line:275] INFO 正在下载第2页
Tue, 07 12 2016 16:58:08 mainframe.py[line:275] INFO 正在下载第3页
Tue, 07 12 2016 16:58:08 mainframe.py[line:275] INFO 正在下载第4页
Tue, 07 12 2016 16:58:09 mainframe.py[line:275] INFO 正在下载第5页
Tue, 07 12 2016 16:58:09 mainframe.py[line:275] INFO 正在下载第6页
Tue, 07 12 2016 16:58:10 mainframe.py[line:275] INFO 正在下载第7页
Tue, 07 12 2016 16:58:11 mainframe.py[line:275] INFO 正在下载接口连接,共6页
Tue, 07 12 2016 16:58:11 mainframe.py[line:275] INFO 正在下载第1页
Tue, 07 12 2016 16:58:11 mainframe.py[line:275] INFO 正在下载第2页
Tue, 07 12 2016 16:58:12 mainframe.py[line:275] INFO 正在下载第3页
Tue, 07 12 2016 16:58:12 mainframe.py[line:275] INFO 正在下载第4页
Tue, 07 12 2016 16:58:13 mainframe.py[line:275] INFO 正在下载第5页
Tue, 07 12 2016 16:58:14 mainframe.py[line:275] INFO 正在下载第6页
Tue, 07 12 2016 16:58:14 mainframe.py[line:275] INFO 开始抓取数据
Tue, 07 12 2016 17:00:30 mainframe.py[line:275] INFO 开始下载上海数据
Tue, 07 12 2016 17:00:31 mainframe.py[line:275] INFO 正在下载数据连接,共77页
Tue, 07 12 2016 17:00:31 mainframe.py[line:275] INFO 正在下载第1页
Tue, 07 12 2016 17:00:31 mainframe.py[line:275] INFO 正在下载第2页
Tue, 07 12 2016 17:00:32 mainframe.py[line:275] INFO 正在下载第3页
Tue, 07 12 2016 17:00:33 mainframe.py[line:275] INFO 正在下载第4页
Tue, 07 12 2016 17:00:34 mainframe.py[line:275] INFO 正在下载第5页
Tue, 07 12 2016 17:00:34 mainframe.py[line:275] INFO 正在下载第6页
Tue, 07 12 2016 17:00:35 mainframe.py[line:275] INFO 正在下载第7页
Tue, 07 12 2016 17:00:36 mainframe.py[line:275] INFO 正在下载第8页
Tue, 07 12 2016 17:00:36 mainframe.py[line:275] INFO 正在下载第9页
Tue, 07 12 2016 17:00:37 mainframe.py[line:275] INFO 正在下载第10页
Tue, 07 12 2016 17:00:38 mainframe.py[line:275] INFO 正在下载第11页
Tue, 07 12 2016 17:00:39 mainframe.py[line:275] INFO 正在下载第12页
Tue, 07 12 2016 17:00:40 mainframe.py[line:275] INFO 正在下载第13页
Tue, 07 12 2016 17:00:41 mainframe.py[line:275] INFO 正在下载第14页
Tue, 07 12 2016 17:00:41 mainframe.py[line:275] INFO 正在下载第15页
Tue, 07 12 2016 17:00:42 mainframe.py[line:275] INFO 正在下载第16页
Tue, 07 12 2016 17:00:42 mainframe.py[line:275] INFO 正在下载第17页
Tue, 07 12 2016 17:00:43 mainframe.py[line:275] INFO 正在下载第18页
Tue, 07 12 2016 17:00:44 mainframe.py[line:275] INFO 正在下载第19页
Tue, 07 12 2016 17:00:45 mainframe.py[line:275] INFO 正在下载第20页
Tue, 07 12 2016 17:00:45 mainframe.py[line:275] INFO 正在下载第21页
Tue, 07 12 2016 17:00:46 mainframe.py[line:275] INFO 正在下载第22页
Tue, 07 12 2016 17:00:47 mainframe.py[line:275] INFO 正在下载第23页
Tue, 07 12 2016 17:00:48 mainframe.py[line:275] INFO 正在下载第24页
Tue, 07 12 2016 17:00:48 mainframe.py[line:275] INFO 正在下载第25页
Tue, 07 12 2016 17:00:49 mainframe.py[line:275] INFO 正在下载第26页
Tue, 07 12 2016 17:00:50 mainframe.py[line:275] INFO 正在下载第27页
Tue, 07 12 2016 17:00:50 mainframe.py[line:275] INFO 正在下载第28页
Tue, 07 12 2016 17:00:51 mainframe.py[line:275] INFO 正在下载第29页
Tue, 07 12 2016 17:00:52 mainframe.py[line:275] INFO 正在下载第30页
Tue, 07 12 2016 17:00:52 mainframe.py[line:275] INFO 正在下载第31页
Tue, 07 12 2016 17:00:53 mainframe.py[line:275] INFO 正在下载第32页
Tue, 07 12 2016 17:00:54 mainframe.py[line:275] INFO 正在下载第33页
Tue, 07 12 2016 17:00:55 mainframe.py[line:275] INFO 正在下载第34页
Tue, 07 12 2016 17:00:55 mainframe.py[line:275] INFO 正在下载第35页
Tue, 07 12 2016 17:00:56 mainframe.py[line:275] INFO 正在下载第36页
Tue, 07 12 2016 17:00:57 mainframe.py[line:275] INFO 正在下载第37页
Tue, 07 12 2016 17:00:57 mainframe.py[line:275] INFO 正在下载第38页
Tue, 07 12 2016 17:00:58 mainframe.py[line:275] INFO 正在下载第39页
Tue, 07 12 2016 17:00:59 mainframe.py[line:275] INFO 正在下载第40页
Tue, 07 12 2016 17:01:00 mainframe.py[line:275] INFO 正在下载第41页
Tue, 07 12 2016 17:01:00 mainframe.py[line:275] INFO 正在下载第42页
Tue, 07 12 2016 17:01:01 mainframe.py[line:275] INFO 正在下载第43页
Tue, 07 12 2016 17:01:01 mainframe.py[line:275] INFO 正在下载第44页
Tue, 07 12 2016 17:01:02 mainframe.py[line:275] INFO 正在下载第45页
Tue, 07 12 2016 17:01:03 mainframe.py[line:275] INFO 正在下载第46页
Tue, 07 12 2016 17:01:03 mainframe.py[line:275] INFO 正在下载第47页
Tue, 07 12 2016 17:01:04 mainframe.py[line:275] INFO 正在下载第48页
Tue, 07 12 2016 17:01:05 mainframe.py[line:275] INFO 正在下载第49页
Tue, 07 12 2016 17:01:05 mainframe.py[line:275] INFO 正在下载第50页
Tue, 07 12 2016 17:01:06 mainframe.py[line:275] INFO 正在下载第51页
Tue, 07 12 2016 17:01:07 mainframe.py[line:275] INFO 正在下载第52页
Tue, 07 12 2016 17:01:07 mainframe.py[line:275] INFO 正在下载第53页
Tue, 07 12 2016 17:01:08 mainframe.py[line:275] INFO 正在下载第54页
Tue, 07 12 2016 17:01:09 mainframe.py[line:275] INFO 正在下载第55页
Tue, 07 12 2016 17:01:09 mainframe.py[line:275] INFO 正在下载第56页
Tue, 07 12 2016 17:01:10 mainframe.py[line:275] INFO 正在下载第57页
Tue, 07 12 2016 17:01:11 mainframe.py[line:275] INFO 正在下载第58页
Tue, 07 12 2016 17:01:12 mainframe.py[line:275] INFO 正在下载第59页
Tue, 07 12 2016 17:01:12 mainframe.py[line:275] INFO 正在下载第60页
Tue, 07 12 2016 17:01:13 mainframe.py[line:275] INFO 正在下载第61页
Tue, 07 12 2016 17:01:14 mainframe.py[line:275] INFO 正在下载第62页
Tue, 07 12 2016 17:01:14 mainframe.py[line:275] INFO 正在下载第63页
Tue, 07 12 2016 17:01:15 mainframe.py[line:275] INFO 正在下载第64页
Tue, 07 12 2016 17:01:16 mainframe.py[line:275] INFO 正在下载第65页
Tue, 07 12 2016 17:01:17 mainframe.py[line:275] INFO 正在下载第66页
Tue, 07 12 2016 17:01:17 mainframe.py[line:275] INFO 正在下载第67页
Tue, 07 12 2016 17:01:18 mainframe.py[line:275] INFO 正在下载第68页
Tue, 07 12 2016 17:01:18 mainframe.py[line:275] INFO 正在下载第69页
Tue, 07 12 2016 17:01:19 mainframe.py[line:275] INFO 正在下载第70页
Tue, 07 12 2016 17:01:20 mainframe.py[line:275] INFO 正在下载第71页
Tue, 07 12 2016 17:01:20 mainframe.py[line:275] INFO 正在下载第72页
Tue, 07 12 2016 17:01:21 mainframe.py[line:275] INFO 正在下载第73页
Tue, 07 12 2016 17:01:22 mainframe.py[line:275] INFO 正在下载第74页
Tue, 07 12 2016 17:01:22 mainframe.py[line:275] INFO 正在下载第75页
Tue, 07 12 2016 17:01:23 mainframe.py[line:275] INFO 正在下载第76页
Tue, 07 12 2016 17:01:24 mainframe.py[line:275] INFO 正在下载第77页
Tue, 07 12 2016 17:01:25 mainframe.py[line:275] INFO 正在下载应用连接,共7页
Tue, 07 12 2016 17:01:25 mainframe.py[line:275] INFO 正在下载第1页
Tue, 07 12 2016 17:01:26 mainframe.py[line:275] INFO 正在下载第2页
Tue, 07 12 2016 17:01:26 mainframe.py[line:275] INFO 正在下载第3页
Tue, 07 12 2016 17:01:27 mainframe.py[line:275] INFO 正在下载第4页
Tue, 07 12 2016 17:01:28 mainframe.py[line:275] INFO 正在下载第5页
Tue, 07 12 2016 17:01:28 mainframe.py[line:275] INFO 正在下载第6页
Tue, 07 12 2016 17:01:29 mainframe.py[line:275] INFO 正在下载第7页
Tue, 07 12 2016 17:01:30 mainframe.py[line:275] INFO 正在下载接口连接,共6页
Tue, 07 12 2016 17:01:30 mainframe.py[line:275] INFO 正在下载第1页
Tue, 07 12 2016 17:01:31 mainframe.py[line:275] INFO 正在下载第2页
Tue, 07 12 2016 17:01:31 mainframe.py[line:275] INFO 正在下载第3页
Tue, 07 12 2016 17:01:32 mainframe.py[line:275] INFO 正在下载第4页
Tue, 07 12 2016 17:01:32 mainframe.py[line:275] INFO 正在下载第5页
Tue, 07 12 2016 17:01:33 mainframe.py[line:275] INFO 正在下载第6页
Tue, 07 12 2016 17:01:34 mainframe.py[line:275] INFO 开始抓取数据
Tue, 07 12 2016 17:27:01 mainframe.py[line:275] INFO 开始下载上海数据
Tue, 07 12 2016 17:27:01 mainframe.py[line:275] INFO 正在下载数据连接,共77页
Tue, 07 12 2016 17:27:02 mainframe.py[line:275] INFO 正在下载第1页
Tue, 07 12 2016 17:27:02 mainframe.py[line:275] INFO 正在下载第2页
Tue, 07 12 2016 17:27:03 mainframe.py[line:275] INFO 正在下载第3页
Tue, 07 12 2016 17:27:03 mainframe.py[line:275] INFO 正在下载第4页
Tue, 07 12 2016 17:27:04 mainframe.py[line:275] INFO 正在下载第5页
Tue, 07 12 2016 17:27:04 mainframe.py[line:275] INFO 正在下载第6页
Tue, 07 12 2016 17:27:05 mainframe.py[line:275] INFO 正在下载第7页
Tue, 07 12 2016 17:27:05 mainframe.py[line:275] INFO 正在下载第8页
Tue, 07 12 2016 17:27:06 mainframe.py[line:275] INFO 正在下载第9页
Tue, 07 12 2016 17:27:07 mainframe.py[line:275] INFO 正在下载第10页
Tue, 07 12 2016 17:27:07 mainframe.py[line:275] INFO 正在下载第11页
Tue, 07 12 2016 17:27:08 mainframe.py[line:275] INFO 正在下载第12页
Tue, 07 12 2016 17:27:09 mainframe.py[line:275] INFO 正在下载第13页
Tue, 07 12 2016 17:27:09 mainframe.py[line:275] INFO 正在下载第14页
Tue, 07 12 2016 17:27:10 mainframe.py[line:275] INFO 正在下载第15页
Tue, 07 12 2016 17:27:10 mainframe.py[line:275] INFO 正在下载第16页
Tue, 07 12 2016 17:27:11 mainframe.py[line:275] INFO 正在下载第17页
Tue, 07 12 2016 17:27:12 mainframe.py[line:275] INFO 正在下载第18页
Tue, 07 12 2016 17:27:12 mainframe.py[line:275] INFO 正在下载第19页
Tue, 07 12 2016 17:27:13 mainframe.py[line:275] INFO 正在下载第20页
Tue, 07 12 2016 17:27:14 mainframe.py[line:275] INFO 正在下载第21页
Tue, 07 12 2016 17:27:14 mainframe.py[line:275] INFO 正在下载第22页
Tue, 07 12 2016 17:27:15 mainframe.py[line:275] INFO 正在下载第23页
Tue, 07 12 2016 17:27:15 mainframe.py[line:275] INFO 正在下载第24页
Tue, 07 12 2016 17:27:16 mainframe.py[line:275] INFO 正在下载第25页
Tue, 07 12 2016 17:27:17 mainframe.py[line:275] INFO 正在下载第26页
Tue, 07 12 2016 17:27:17 mainframe.py[line:275] INFO 正在下载第27页
Tue, 07 12 2016 17:27:18 mainframe.py[line:275] INFO 正在下载第28页
Tue, 07 12 2016 17:27:19 mainframe.py[line:275] INFO 正在下载第29页
Tue, 07 12 2016 17:27:19 mainframe.py[line:275] INFO 正在下载第30页
Tue, 07 12 2016 17:27:20 mainframe.py[line:275] INFO 正在下载第31页
Tue, 07 12 2016 17:27:20 mainframe.py[line:275] INFO 正在下载第32页
Tue, 07 12 2016 17:27:21 mainframe.py[line:275] INFO 正在下载第33页
Tue, 07 12 2016 17:27:21 mainframe.py[line:275] INFO 正在下载第34页
Tue, 07 12 2016 17:27:22 mainframe.py[line:275] INFO 正在下载第35页
Tue, 07 12 2016 17:27:22 mainframe.py[line:275] INFO 正在下载第36页
Tue, 07 12 2016 17:27:23 mainframe.py[line:275] INFO 正在下载第37页
Tue, 07 12 2016 17:27:23 mainframe.py[line:275] INFO 正在下载第38页
Tue, 07 12 2016 17:27:24 mainframe.py[line:275] INFO 正在下载第39页
Tue, 07 12 2016 17:27:25 mainframe.py[line:275] INFO 正在下载第40页
Tue, 07 12 2016 17:27:25 mainframe.py[line:275] INFO 正在下载第41页
Tue, 07 12 2016 17:27:26 mainframe.py[line:275] INFO 正在下载第42页
Tue, 07 12 2016 17:27:26 mainframe.py[line:275] INFO 正在下载第43页
Tue, 07 12 2016 17:27:27 mainframe.py[line:275] INFO 正在下载第44页
Tue, 07 12 2016 17:27:28 mainframe.py[line:275] INFO 正在下载第45页
Tue, 07 12 2016 17:27:28 mainframe.py[line:275] INFO 正在下载第46页
Tue, 07 12 2016 17:27:29 mainframe.py[line:275] INFO 正在下载第47页
Tue, 07 12 2016 17:27:30 mainframe.py[line:275] INFO 正在下载第48页
Tue, 07 12 2016 17:27:30 mainframe.py[line:275] INFO 正在下载第49页
Tue, 07 12 2016 17:27:31 mainframe.py[line:275] INFO 正在下载第50页
Tue, 07 12 2016 17:27:32 mainframe.py[line:275] INFO 正在下载第51页
Tue, 07 12 2016 17:27:32 mainframe.py[line:275] INFO 正在下载第52页
Tue, 07 12 2016 17:27:33 mainframe.py[line:275] INFO 正在下载第53页
Tue, 07 12 2016 17:27:34 mainframe.py[line:275] INFO 正在下载第54页
Tue, 07 12 2016 17:27:34 mainframe.py[line:275] INFO 正在下载第55页
Tue, 07 12 2016 17:27:35 mainframe.py[line:275] INFO 正在下载第56页
Tue, 07 12 2016 17:27:36 mainframe.py[line:275] INFO 正在下载第57页
Tue, 07 12 2016 17:27:36 mainframe.py[line:275] INFO 正在下载第58页
Tue, 07 12 2016 17:27:37 mainframe.py[line:275] INFO 正在下载第59页
Tue, 07 12 2016 17:27:38 mainframe.py[line:275] INFO 正在下载第60页
Tue, 07 12 2016 17:27:39 mainframe.py[line:275] INFO 正在下载第61页
Tue, 07 12 2016 17:27:39 mainframe.py[line:275] INFO 正在下载第62页
Tue, 07 12 2016 17:27:40 mainframe.py[line:275] INFO 正在下载第63页
Tue, 07 12 2016 17:27:41 mainframe.py[line:275] INFO 正在下载第64页
Tue, 07 12 2016 17:27:41 mainframe.py[line:275] INFO 正在下载第65页
Tue, 07 12 2016 17:27:42 mainframe.py[line:275] INFO 正在下载第66页
Tue, 07 12 2016 17:27:42 mainframe.py[line:275] INFO 正在下载第67页
Tue, 07 12 2016 17:27:43 mainframe.py[line:275] INFO 正在下载第68页
Tue, 07 12 2016 17:27:44 mainframe.py[line:275] INFO 正在下载第69页
Tue, 07 12 2016 17:27:44 mainframe.py[line:275] INFO 正在下载第70页
Tue, 07 12 2016 17:27:45 mainframe.py[line:275] INFO 正在下载第71页
Tue, 07 12 2016 17:27:45 mainframe.py[line:275] INFO 正在下载第72页
Tue, 07 12 2016 17:27:46 mainframe.py[line:275] INFO 正在下载第73页
Tue, 07 12 2016 17:27:47 mainframe.py[line:275] INFO 正在下载第74页
Tue, 07 12 2016 17:27:47 mainframe.py[line:275] INFO 正在下载第75页
Tue, 07 12 2016 17:27:48 mainframe.py[line:275] INFO 正在下载第76页
Tue, 07 12 2016 17:27:49 mainframe.py[line:275] INFO 正在下载第77页
Tue, 07 12 2016 17:27:50 mainframe.py[line:275] INFO 正在下载应用连接,共7页
Tue, 07 12 2016 17:27:50 mainframe.py[line:275] INFO 正在下载第1页
Tue, 07 12 2016 17:27:51 mainframe.py[line:275] INFO 正在下载第2页
Tue, 07 12 2016 17:27:54 mainframe.py[line:275] INFO 正在下载第3页
Tue, 07 12 2016 17:27:55 mainframe.py[line:275] INFO 正在下载第4页
Tue, 07 12 2016 17:27:56 mainframe.py[line:275] INFO 正在下载第5页
Tue, 07 12 2016 17:27:56 mainframe.py[line:275] INFO 正在下载第6页
Tue, 07 12 2016 17:27:57 mainframe.py[line:275] INFO 正在下载第7页
Tue, 07 12 2016 17:27:58 mainframe.py[line:275] INFO 正在下载接口连接,共6页
Tue, 07 12 2016 17:27:58 mainframe.py[line:275] INFO 正在下载第1页
Tue, 07 12 2016 17:27:59 mainframe.py[line:275] INFO 正在下载第2页
Tue, 07 12 2016 17:27:59 mainframe.py[line:275] INFO 正在下载第3页
Tue, 07 12 2016 17:28:00 mainframe.py[line:275] INFO 正在下载第4页
Tue, 07 12 2016 17:28:01 mainframe.py[line:275] INFO 正在下载第5页
Tue, 07 12 2016 17:28:01 mainframe.py[line:275] INFO 正在下载第6页
Tue, 07 12 2016 17:28:02 mainframe.py[line:275] INFO 开始抓取数据
Tue, 07 12 2016 17:28:02 mainframe.py[line:275] INFO |
Tue, 07 12 2016 17:28:05 mainframe.py[line:275] INFO |
Tue, 07 12 2016 17:28:06 mainframe.py[line:275] INFO |
Tue, 07 12 2016 17:28:06 mainframe.py[line:275] INFO |
Tue, 07 12 2016 17:28:06 mainframe.py[line:275] INFO |
Tue, 07 12 2016 17:28:07 mainframe.py[line:275] INFO |
Tue, 07 12 2016 17:28:07 mainframe.py[line:275] INFO |
Tue, 07 12 2016 17:28:07 mainframe.py[line:275] INFO |
Tue, 07 12 2016 17:28:07 mainframe.py[line:275] INFO |
Tue, 07 12 2016 17:28:08 mainframe.py[line:275] INFO |
Tue, 07 12 2016 17:28:09 mainframe.py[line:275] INFO |
Tue, 07 12 2016 17:28:10 mainframe.py[line:275] INFO |
Tue, 07 12 2016 17:28:10 mainframe.py[line:275] INFO |
Tue, 07 12 2016 17:28:10 mainframe.py[line:275] INFO |
Tue, 07 12 2016 17:28:11 mainframe.py[line:275] INFO |
Tue, 07 12 2016 17:28:11 mainframe.py[line:275] INFO |
Tue, 07 12 2016 17:28:11 mainframe.py[line:275] INFO |
Tue, 07 12 2016 17:28:12 mainframe.py[line:275] INFO |
Tue, 07 12 2016 17:28:12 mainframe.py[line:275] INFO |
Tue, 07 12 2016 17:28:12 mainframe.py[line:275] INFO |
Tue, 07 12 2016 17:28:13 mainframe.py[line:275] INFO |
Tue, 07 12 2016 17:28:13 mainframe.py[line:275] INFO |
Tue, 07 12 2016 17:28:13 mainframe.py[line:275] INFO |
Tue, 07 12 2016 17:28:14 mainframe.py[line:275] INFO |
Tue, 07 12 2016 17:28:14 mainframe.py[line:275] INFO |
Tue, 07 12 2016 17:28:16 mainframe.py[line:275] INFO |
Tue, 07 12 2016 17:28:16 mainframe.py[line:275] INFO |
Tue, 07 12 2016 17:28:16 mainframe.py[line:275] INFO |
Tue, 07 12 2016 17:28:17 mainframe.py[line:275] INFO |
Tue, 07 12 2016 17:28:17 mainframe.py[line:275] INFO |
Tue, 07 12 2016 17:28:17 mainframe.py[line:275] INFO |
Tue, 07 12 2016 17:28:18 mainframe.py[line:275] INFO |
Tue, 07 12 2016 17:28:18 mainframe.py[line:275] INFO |
Tue, 07 12 2016 17:28:18 mainframe.py[line:275] INFO |
Tue, 07 12 2016 17:28:19 mainframe.py[line:275] INFO |
Tue, 07 12 2016 17:28:19 mainframe.py[line:275] INFO |
Tue, 07 12 2016 17:28:19 mainframe.py[line:275] INFO |
Tue, 07 12 2016 17:28:20 mainframe.py[line:275] INFO |
Tue, 07 12 2016 17:28:20 mainframe.py[line:275] INFO |
Tue, 07 12 2016 17:28:20 mainframe.py[line:275] INFO |
Tue, 07 12 2016 17:28:21 mainframe.py[line:275] INFO |
Tue, 07 12 2016 17:28:22 mainframe.py[line:275] INFO |
Tue, 07 12 2016 17:28:22 mainframe.py[line:275] INFO |
Tue, 07 12 2016 17:28:23 mainframe.py[line:275] INFO |
Tue, 07 12 2016 17:28:23 mainframe.py[line:275] INFO |
Tue, 07 12 2016 17:28:23 mainframe.py[line:275] INFO |
Tue, 07 12 2016 17:28:24 mainframe.py[line:275] INFO |
Tue, 07 12 2016 17:28:24 mainframe.py[line:275] INFO |
Tue, 07 12 2016 17:28:24 mainframe.py[line:275] INFO |
Tue, 07 12 2016 17:28:25 mainframe.py[line:275] INFO |
Tue, 07 12 2016 17:28:25 mainframe.py[line:275] INFO |
Tue, 07 12 2016 17:28:25 mainframe.py[line:275] INFO |
Tue, 07 12 2016 17:28:26 mainframe.py[line:275] INFO |
Tue, 07 12 2016 17:28:26 mainframe.py[line:275] INFO |
Tue, 07 12 2016 17:28:26 mainframe.py[line:275] INFO |
Tue, 07 12 2016 17:28:27 mainframe.py[line:275] INFO |
Tue, 07 12 2016 17:28:27 mainframe.py[line:275] INFO |
Tue, 07 12 2016 17:28:27 mainframe.py[line:275] INFO |
Tue, 07 12 2016 17:28:28 mainframe.py[line:275] INFO |
Tue, 07 12 2016 17:28:28 mainframe.py[line:275] INFO |
Tue, 07 12 2016 17:28:29 mainframe.py[line:275] INFO |
Tue, 07 12 2016 17:28:30 mainframe.py[line:275] INFO |
Tue, 07 12 2016 17:28:30 mainframe.py[line:275] INFO |
Tue, 07 12 2016 17:28:30 mainframe.py[line:275] INFO |
Tue, 07 12 2016 17:28:31 mainframe.py[line:275] INFO |
Tue, 07 12 2016 17:28:31 mainframe.py[line:275] INFO |
Tue, 07 12 2016 17:28:31 mainframe.py[line:275] INFO |
Tue, 07 12 2016 17:28:31 mainframe.py[line:275] INFO |
Tue, 07 12 2016 17:28:32 mainframe.py[line:275] INFO |
Tue, 07 12 2016 17:28:33 mainframe.py[line:275] INFO |
Tue, 07 12 2016 17:28:33 mainframe.py[line:275] INFO |
Tue, 07 12 2016 17:28:33 mainframe.py[line:275] INFO |
Tue, 07 12 2016 17:28:34 mainframe.py[line:275] INFO |
Tue, 07 12 2016 17:28:34 mainframe.py[line:275] INFO |
Tue, 07 12 2016 17:28:34 mainframe.py[line:275] INFO |
Tue, 07 12 2016 17:28:35 mainframe.py[line:275] INFO |
Tue, 07 12 2016 17:28:35 mainframe.py[line:275] INFO |
Tue, 07 12 2016 17:28:35 mainframe.py[line:275] INFO |
Tue, 07 12 2016 17:28:36 mainframe.py[line:275] INFO |
Tue, 07 12 2016 17:28:36 mainframe.py[line:275] INFO |
Tue, 07 12 2016 17:28:36 mainframe.py[line:275] INFO |
Tue, 07 12 2016 17:28:36 mainframe.py[line:275] INFO |
Tue, 07 12 2016 17:28:37 mainframe.py[line:275] INFO |
Tue, 07 12 2016 17:28:37 mainframe.py[line:275] INFO |
Tue, 07 12 2016 17:28:37 mainframe.py[line:275] INFO |
Tue, 07 12 2016 17:28:38 mainframe.py[line:275] INFO |
Tue, 07 12 2016 17:28:38 mainframe.py[line:275] INFO |
Tue, 07 12 2016 17:28:39 mainframe.py[line:275] INFO |
Tue, 07 12 2016 17:28:39 mainframe.py[line:275] INFO |
Tue, 07 12 2016 17:28:39 mainframe.py[line:275] INFO |
Tue, 07 12 2016 17:28:40 mainframe.py[line:275] INFO |
Tue, 07 12 2016 17:28:41 mainframe.py[line:275] INFO |
Tue, 07 12 2016 17:28:42 mainframe.py[line:275] INFO |
Tue, 07 12 2016 17:28:43 mainframe.py[line:275] INFO |
Tue, 07 12 2016 17:28:43 mainframe.py[line:275] INFO |
Tue, 07 12 2016 17:28:44 mainframe.py[line:275] INFO |
Tue, 07 12 2016 17:28:44 mainframe.py[line:275] INFO |
Tue, 07 12 2016 17:28:45 mainframe.py[line:275] INFO |
Tue, 07 12 2016 17:28:45 mainframe.py[line:275] INFO |
Tue, 07 12 2016 17:28:45 mainframe.py[line:275] INFO |
Tue, 07 12 2016 17:28:46 mainframe.py[line:275] INFO |
Tue, 07 12 2016 17:28:46 mainframe.py[line:275] INFO |
Tue, 07 12 2016 17:28:46 mainframe.py[line:275] INFO |
Tue, 07 12 2016 17:28:47 mainframe.py[line:275] INFO |
Tue, 07 12 2016 17:28:47 mainframe.py[line:275] INFO |
Tue, 07 12 2016 17:28:47 mainframe.py[line:275] INFO |
Tue, 07 12 2016 17:28:47 mainframe.py[line:275] INFO |
Tue, 07 12 2016 17:28:48 mainframe.py[line:275] INFO |
Tue, 07 12 2016 17:28:48 mainframe.py[line:275] INFO |
Tue, 07 12 2016 17:28:48 mainframe.py[line:275] INFO |
Tue, 07 12 2016 17:28:49 mainframe.py[line:275] INFO |
Tue, 07 12 2016 17:28:49 mainframe.py[line:275] INFO |
Tue, 07 12 2016 17:28:50 mainframe.py[line:275] INFO |
Tue, 07 12 2016 17:28:50 mainframe.py[line:275] INFO |
Tue, 07 12 2016 17:28:50 mainframe.py[line:275] INFO |
Tue, 07 12 2016 17:28:51 mainframe.py[line:275] INFO |
Tue, 07 12 2016 17:28:51 mainframe.py[line:275] INFO |
Tue, 07 12 2016 17:28:51 mainframe.py[line:275] INFO |
Tue, 07 12 2016 17:28:52 mainframe.py[line:275] INFO |
Tue, 07 12 2016 17:28:52 mainframe.py[line:275] INFO |
Tue, 07 12 2016 17:28:52 mainframe.py[line:275] INFO |
Tue, 07 12 2016 17:28:53 mainframe.py[line:275] INFO |
Tue, 07 12 2016 17:28:53 mainframe.py[line:275] INFO |
Tue, 07 12 2016 17:28:53 mainframe.py[line:275] INFO |
Tue, 07 12 2016 17:28:53 mainframe.py[line:275] INFO |
Tue, 07 12 2016 17:28:54 mainframe.py[line:275] INFO |
Tue, 07 12 2016 17:28:54 mainframe.py[line:275] INFO |
Tue, 07 12 2016 17:28:54 mainframe.py[line:275] INFO |
Tue, 07 12 2016 17:28:55 mainframe.py[line:275] INFO |
Tue, 07 12 2016 17:28:55 mainframe.py[line:275] INFO |
Tue, 07 12 2016 17:28:55 mainframe.py[line:275] INFO |
Tue, 07 12 2016 17:28:56 mainframe.py[line:275] INFO |
Tue, 07 12 2016 17:28:56 mainframe.py[line:275] INFO |
Tue, 07 12 2016 17:28:56 mainframe.py[line:275] INFO |
Tue, 07 12 2016 17:28:57 mainframe.py[line:275] INFO |
Tue, 07 12 2016 17:28:57 mainframe.py[line:275] INFO |
Tue, 07 12 2016 17:28:57 mainframe.py[line:275] INFO |
Tue, 07 12 2016 17:28:58 mainframe.py[line:275] INFO |
Tue, 07 12 2016 17:28:58 mainframe.py[line:275] INFO |
Tue, 07 12 2016 17:28:58 mainframe.py[line:275] INFO |
Tue, 07 12 2016 17:28:59 mainframe.py[line:275] INFO |
Tue, 07 12 2016 17:28:59 mainframe.py[line:275] INFO |
Tue, 07 12 2016 17:28:59 mainframe.py[line:275] INFO |
Tue, 07 12 2016 17:28:59 mainframe.py[line:275] INFO |
Tue, 07 12 2016 17:29:00 mainframe.py[line:275] INFO |
Tue, 07 12 2016 17:29:00 mainframe.py[line:275] INFO |
Tue, 07 12 2016 17:29:00 mainframe.py[line:275] INFO |
Tue, 07 12 2016 17:29:01 mainframe.py[line:275] INFO |
Tue, 07 12 2016 17:29:01 mainframe.py[line:275] INFO |
Tue, 07 12 2016 17:29:01 mainframe.py[line:275] INFO |
Tue, 07 12 2016 17:29:01 mainframe.py[line:275] INFO |
Tue, 07 12 2016 17:29:02 mainframe.py[line:275] INFO |
Tue, 07 12 2016 17:29:03 mainframe.py[line:275] INFO |
Tue, 07 12 2016 17:29:03 mainframe.py[line:275] INFO |
Tue, 07 12 2016 17:29:03 mainframe.py[line:275] INFO |
Tue, 07 12 2016 17:29:04 mainframe.py[line:275] INFO |
Tue, 07 12 2016 17:29:04 mainframe.py[line:275] INFO |
Tue, 07 12 2016 17:29:04 mainframe.py[line:275] INFO |
Tue, 07 12 2016 17:29:05 mainframe.py[line:275] INFO |
Tue, 07 12 2016 17:29:05 mainframe.py[line:275] INFO |
Tue, 07 12 2016 17:29:05 mainframe.py[line:275] INFO |
Tue, 07 12 2016 17:29:06 mainframe.py[line:275] INFO |
Tue, 07 12 2016 17:29:06 mainframe.py[line:275] INFO |
Tue, 07 12 2016 17:29:06 mainframe.py[line:275] INFO |
Tue, 07 12 2016 17:29:07 mainframe.py[line:275] INFO |
Tue, 07 12 2016 17:29:07 mainframe.py[line:275] INFO |
Tue, 07 12 2016 17:29:07 mainframe.py[line:275] INFO |
Tue, 07 12 2016 17:29:07 mainframe.py[line:275] INFO |
Tue, 07 12 2016 17:29:08 mainframe.py[line:275] INFO |
Tue, 07 12 2016 17:29:08 mainframe.py[line:275] INFO |
Tue, 07 12 2016 17:29:09 mainframe.py[line:275] INFO |
Tue, 07 12 2016 17:29:09 mainframe.py[line:275] INFO |
Tue, 07 12 2016 17:29:09 mainframe.py[line:275] INFO |
Tue, 07 12 2016 17:29:09 mainframe.py[line:275] INFO |
Tue, 07 12 2016 17:29:10 mainframe.py[line:275] INFO |
Tue, 07 12 2016 17:29:10 mainframe.py[line:275] INFO |
Tue, 07 12 2016 17:29:10 mainframe.py[line:275] INFO |
Tue, 07 12 2016 17:29:11 mainframe.py[line:275] INFO |
Tue, 07 12 2016 17:29:11 mainframe.py[line:275] INFO |
Tue, 07 12 2016 17:29:11 mainframe.py[line:275] INFO |
Tue, 07 12 2016 17:29:11 mainframe.py[line:275] INFO |
Tue, 07 12 2016 17:29:12 mainframe.py[line:275] INFO |
Tue, 07 12 2016 17:29:12 mainframe.py[line:275] INFO |
Tue, 07 12 2016 17:29:13 mainframe.py[line:275] INFO |
Tue, 07 12 2016 17:29:13 mainframe.py[line:275] INFO |
Tue, 07 12 2016 17:29:13 mainframe.py[line:275] INFO |
Tue, 07 12 2016 17:29:13 mainframe.py[line:275] INFO |
Tue, 07 12 2016 17:29:14 mainframe.py[line:275] INFO |
Tue, 07 12 2016 17:29:14 mainframe.py[line:275] INFO |
Tue, 07 12 2016 17:29:14 mainframe.py[line:275] INFO |
Tue, 07 12 2016 17:29:15 mainframe.py[line:275] INFO |
Tue, 07 12 2016 17:29:15 mainframe.py[line:275] INFO |
Tue, 07 12 2016 17:29:15 mainframe.py[line:275] INFO |
Tue, 07 12 2016 17:29:16 mainframe.py[line:275] INFO |
Tue, 07 12 2016 17:29:16 mainframe.py[line:275] INFO |
Tue, 07 12 2016 17:29:16 mainframe.py[line:275] INFO |
Tue, 07 12 2016 17:29:17 mainframe.py[line:275] INFO |
Tue, 07 12 2016 17:29:17 mainframe.py[line:275] INFO |
Tue, 07 12 2016 17:29:17 mainframe.py[line:275] INFO |
Tue, 07 12 2016 17:29:18 mainframe.py[line:275] INFO |
Tue, 07 12 2016 17:29:18 mainframe.py[line:275] INFO |
Tue, 07 12 2016 17:29:18 mainframe.py[line:275] INFO |
Tue, 07 12 2016 17:29:19 mainframe.py[line:275] INFO |
Tue, 07 12 2016 17:29:19 mainframe.py[line:275] INFO |
Tue, 07 12 2016 17:29:19 mainframe.py[line:275] INFO |
Tue, 07 12 2016 17:29:20 mainframe.py[line:275] INFO |
Tue, 07 12 2016 17:29:20 mainframe.py[line:275] INFO |
Tue, 07 12 2016 17:29:20 mainframe.py[line:275] INFO |
Tue, 07 12 2016 17:29:20 mainframe.py[line:275] INFO |
Tue, 07 12 2016 17:29:21 mainframe.py[line:275] INFO |
Tue, 07 12 2016 17:29:21 mainframe.py[line:275] INFO |
Tue, 07 12 2016 17:29:21 mainframe.py[line:275] INFO |
Tue, 07 12 2016 17:29:22 mainframe.py[line:275] INFO |
Tue, 07 12 2016 17:29:22 mainframe.py[line:275] INFO |
Tue, 07 12 2016 17:29:22 mainframe.py[line:275] INFO |
Tue, 07 12 2016 17:29:23 mainframe.py[line:275] INFO |
Tue, 07 12 2016 17:29:23 mainframe.py[line:275] INFO |
Tue, 07 12 2016 17:29:23 mainframe.py[line:275] INFO |
Tue, 07 12 2016 17:29:24 mainframe.py[line:275] INFO |
Tue, 07 12 2016 17:29:24 mainframe.py[line:275] INFO |
Tue, 07 12 2016 17:29:24 mainframe.py[line:275] INFO |
Tue, 07 12 2016 17:29:25 mainframe.py[line:275] INFO |
Tue, 07 12 2016 17:29:25 mainframe.py[line:275] INFO |
Tue, 07 12 2016 17:29:25 mainframe.py[line:275] INFO |
Tue, 07 12 2016 17:29:26 mainframe.py[line:275] INFO |
Tue, 07 12 2016 17:29:26 mainframe.py[line:275] INFO |
Tue, 07 12 2016 17:29:26 mainframe.py[line:275] INFO |
Tue, 07 12 2016 17:29:27 mainframe.py[line:275] INFO |
Tue, 07 12 2016 17:29:27 mainframe.py[line:275] INFO |
Tue, 07 12 2016 17:29:27 mainframe.py[line:275] INFO |
Tue, 07 12 2016 17:29:28 mainframe.py[line:275] INFO |
Tue, 07 12 2016 17:29:28 mainframe.py[line:275] INFO |
Tue, 07 12 2016 17:29:28 mainframe.py[line:275] INFO |
Tue, 07 12 2016 17:29:29 mainframe.py[line:275] INFO |
Tue, 07 12 2016 17:29:29 mainframe.py[line:275] INFO |
Tue, 07 12 2016 17:29:30 mainframe.py[line:275] INFO |
Tue, 07 12 2016 17:29:30 mainframe.py[line:275] INFO |
Tue, 07 12 2016 17:29:30 mainframe.py[line:275] INFO |
Tue, 07 12 2016 17:29:30 mainframe.py[line:275] INFO |
Tue, 07 12 2016 17:29:31 mainframe.py[line:275] INFO |
Tue, 07 12 2016 17:29:31 mainframe.py[line:275] INFO |
Tue, 07 12 2016 17:29:31 mainframe.py[line:275] INFO |
Tue, 07 12 2016 17:29:32 mainframe.py[line:275] INFO |
Tue, 07 12 2016 17:29:32 mainframe.py[line:275] INFO |
Tue, 07 12 2016 17:29:32 mainframe.py[line:275] INFO |
Tue, 07 12 2016 17:29:32 mainframe.py[line:275] INFO |
Tue, 07 12 2016 17:29:33 mainframe.py[line:275] INFO |
Tue, 07 12 2016 17:29:33 mainframe.py[line:275] INFO |
Tue, 07 12 2016 17:29:33 mainframe.py[line:275] INFO |
Tue, 07 12 2016 17:29:34 mainframe.py[line:275] INFO |
Tue, 07 12 2016 17:29:34 mainframe.py[line:275] INFO |
Tue, 07 12 2016 17:29:34 mainframe.py[line:275] INFO |
Tue, 07 12 2016 17:29:34 mainframe.py[line:275] INFO |
Tue, 07 12 2016 17:29:35 mainframe.py[line:275] INFO |
Tue, 07 12 2016 17:29:35 mainframe.py[line:275] INFO |
Tue, 07 12 2016 17:29:35 mainframe.py[line:275] INFO |
Tue, 07 12 2016 17:29:36 mainframe.py[line:275] INFO |
Tue, 07 12 2016 17:29:36 mainframe.py[line:275] INFO |
Tue, 07 12 2016 17:29:36 mainframe.py[line:275] INFO |
Tue, 07 12 2016 17:29:36 mainframe.py[line:275] INFO |
Tue, 07 12 2016 17:29:37 mainframe.py[line:275] INFO |
Tue, 07 12 2016 17:29:37 mainframe.py[line:275] INFO |
Tue, 07 12 2016 17:29:37 mainframe.py[line:275] INFO |
Tue, 07 12 2016 17:29:38 mainframe.py[line:275] INFO |
Tue, 07 12 2016 17:29:38 mainframe.py[line:275] INFO |
Tue, 07 12 2016 17:29:39 mainframe.py[line:275] INFO |
Tue, 07 12 2016 17:29:39 mainframe.py[line:275] INFO |
Tue, 07 12 2016 17:29:39 mainframe.py[line:275] INFO |
Tue, 07 12 2016 17:29:39 mainframe.py[line:275] INFO |
Tue, 07 12 2016 17:29:40 mainframe.py[line:275] INFO |
Tue, 07 12 2016 17:29:40 mainframe.py[line:275] INFO |
Tue, 07 12 2016 17:29:40 mainframe.py[line:275] INFO |
Tue, 07 12 2016 17:29:41 mainframe.py[line:275] INFO |
Tue, 07 12 2016 17:29:41 mainframe.py[line:275] INFO |
Tue, 07 12 2016 17:29:41 mainframe.py[line:275] INFO |
Tue, 07 12 2016 17:29:42 mainframe.py[line:275] INFO |
Tue, 07 12 2016 17:29:42 mainframe.py[line:275] INFO |
Tue, 07 12 2016 17:29:42 mainframe.py[line:275] INFO |
Tue, 07 12 2016 17:29:43 mainframe.py[line:275] INFO |
Tue, 07 12 2016 17:29:43 mainframe.py[line:275] INFO |
Tue, 07 12 2016 17:29:43 mainframe.py[line:275] INFO |
Tue, 07 12 2016 17:29:44 mainframe.py[line:275] INFO |
Tue, 07 12 2016 17:29:44 mainframe.py[line:275] INFO |
Tue, 07 12 2016 17:29:45 mainframe.py[line:275] INFO |
Tue, 07 12 2016 17:29:45 mainframe.py[line:275] INFO |
Tue, 07 12 2016 17:29:45 mainframe.py[line:275] INFO |
Tue, 07 12 2016 17:29:46 mainframe.py[line:275] INFO |
Tue, 07 12 2016 17:29:46 mainframe.py[line:275] INFO |
Tue, 07 12 2016 17:29:46 mainframe.py[line:275] INFO |
Tue, 07 12 2016 17:29:47 mainframe.py[line:275] INFO |
Tue, 07 12 2016 17:29:47 mainframe.py[line:275] INFO |
Tue, 07 12 2016 17:29:47 mainframe.py[line:275] INFO |
Tue, 07 12 2016 17:29:48 mainframe.py[line:275] INFO |
Tue, 07 12 2016 17:29:48 mainframe.py[line:275] INFO |
Tue, 07 12 2016 17:29:48 mainframe.py[line:275] INFO |
Tue, 07 12 2016 17:29:49 mainframe.py[line:275] INFO |
Tue, 07 12 2016 17:29:49 mainframe.py[line:275] INFO |
Tue, 07 12 2016 17:29:49 mainframe.py[line:275] INFO |
Tue, 07 12 2016 17:29:49 mainframe.py[line:275] INFO |
Tue, 07 12 2016 17:29:50 mainframe.py[line:275] INFO |
Tue, 07 12 2016 17:29:50 mainframe.py[line:275] INFO |
Tue, 07 12 2016 17:29:50 mainframe.py[line:275] INFO |
Tue, 07 12 2016 17:29:51 mainframe.py[line:275] INFO |
Tue, 07 12 2016 17:29:51 mainframe.py[line:275] INFO |
Tue, 07 12 2016 17:29:51 mainframe.py[line:275] INFO |
Tue, 07 12 2016 17:29:52 mainframe.py[line:275] INFO |
Tue, 07 12 2016 17:29:52 mainframe.py[line:275] INFO |
Tue, 07 12 2016 17:29:52 mainframe.py[line:275] INFO |
Tue, 07 12 2016 17:29:52 mainframe.py[line:275] INFO |
Tue, 07 12 2016 17:29:53 mainframe.py[line:275] INFO |
Tue, 07 12 2016 17:29:53 mainframe.py[line:275] INFO |
Tue, 07 12 2016 17:29:53 mainframe.py[line:275] INFO |
Tue, 07 12 2016 17:29:54 mainframe.py[line:275] INFO |
Tue, 07 12 2016 17:29:54 mainframe.py[line:275] INFO |
Tue, 07 12 2016 17:29:54 mainframe.py[line:275] INFO |
Tue, 07 12 2016 17:29:55 mainframe.py[line:275] INFO |
Tue, 07 12 2016 17:29:55 mainframe.py[line:275] INFO |
Tue, 07 12 2016 17:29:55 mainframe.py[line:275] INFO |
Tue, 07 12 2016 17:29:56 mainframe.py[line:275] INFO |
Tue, 07 12 2016 17:29:56 mainframe.py[line:275] INFO |
Tue, 07 12 2016 17:29:56 mainframe.py[line:275] INFO |
Tue, 07 12 2016 17:29:56 mainframe.py[line:275] INFO |
Tue, 07 12 2016 17:29:57 mainframe.py[line:275] INFO |
Tue, 07 12 2016 17:29:57 mainframe.py[line:275] INFO |
Tue, 07 12 2016 17:29:57 mainframe.py[line:275] INFO |
Tue, 07 12 2016 17:29:58 mainframe.py[line:275] INFO |
Tue, 07 12 2016 17:29:58 mainframe.py[line:275] INFO |
Tue, 07 12 2016 17:29:58 mainframe.py[line:275] INFO |
Tue, 07 12 2016 17:29:59 mainframe.py[line:275] INFO |
Tue, 07 12 2016 17:29:59 mainframe.py[line:275] INFO |
Tue, 07 12 2016 17:29:59 mainframe.py[line:275] INFO |
Tue, 07 12 2016 17:29:59 mainframe.py[line:275] INFO |
Tue, 07 12 2016 17:30:00 mainframe.py[line:275] INFO |
Tue, 07 12 2016 17:30:00 mainframe.py[line:275] INFO |
Tue, 07 12 2016 17:30:00 mainframe.py[line:275] INFO |
Tue, 07 12 2016 17:30:01 mainframe.py[line:275] INFO |
Tue, 07 12 2016 17:30:01 mainframe.py[line:275] INFO |
Tue, 07 12 2016 17:30:01 mainframe.py[line:275] INFO |
Tue, 07 12 2016 17:30:02 mainframe.py[line:275] INFO |
Tue, 07 12 2016 17:30:02 mainframe.py[line:275] INFO |
Tue, 07 12 2016 17:30:02 mainframe.py[line:275] INFO |
Tue, 07 12 2016 17:30:02 mainframe.py[line:275] INFO |
Tue, 07 12 2016 17:30:03 mainframe.py[line:275] INFO |
Tue, 07 12 2016 17:30:03 mainframe.py[line:275] INFO |
Tue, 07 12 2016 17:30:03 mainframe.py[line:275] INFO |
Tue, 07 12 2016 17:30:04 mainframe.py[line:275] INFO |
Tue, 07 12 2016 17:30:04 mainframe.py[line:275] INFO |
Tue, 07 12 2016 17:30:04 mainframe.py[line:275] INFO |
Tue, 07 12 2016 17:30:05 mainframe.py[line:275] INFO |
Tue, 07 12 2016 17:30:05 mainframe.py[line:275] INFO |
Tue, 07 12 2016 17:30:05 mainframe.py[line:275] INFO |
Tue, 07 12 2016 17:30:05 mainframe.py[line:275] INFO |
Tue, 07 12 2016 17:30:06 mainframe.py[line:275] INFO |
Tue, 07 12 2016 17:30:06 mainframe.py[line:275] INFO |
Tue, 07 12 2016 17:30:06 mainframe.py[line:275] INFO |
Tue, 07 12 2016 17:30:06 mainframe.py[line:275] INFO |
Tue, 07 12 2016 17:30:07 mainframe.py[line:275] INFO |
Tue, 07 12 2016 17:30:07 mainframe.py[line:275] INFO |
Tue, 07 12 2016 17:30:07 mainframe.py[line:275] INFO |
Tue, 07 12 2016 17:30:08 mainframe.py[line:275] INFO |
Tue, 07 12 2016 17:30:08 mainframe.py[line:275] INFO |
Tue, 07 12 2016 17:30:08 mainframe.py[line:275] INFO |
Tue, 07 12 2016 17:30:09 mainframe.py[line:275] INFO |
Tue, 07 12 2016 17:30:09 mainframe.py[line:275] INFO |
Tue, 07 12 2016 17:30:09 mainframe.py[line:275] INFO |
Tue, 07 12 2016 17:30:09 mainframe.py[line:275] INFO |
Tue, 07 12 2016 17:30:10 mainframe.py[line:275] INFO |
Tue, 07 12 2016 17:30:10 mainframe.py[line:275] INFO |
Tue, 07 12 2016 17:30:10 mainframe.py[line:275] INFO |
Tue, 07 12 2016 17:30:11 mainframe.py[line:275] INFO |
Tue, 07 12 2016 17:30:11 mainframe.py[line:275] INFO |
Tue, 07 12 2016 17:30:11 mainframe.py[line:275] INFO |
Tue, 07 12 2016 17:30:11 mainframe.py[line:275] INFO |
Tue, 07 12 2016 17:30:12 mainframe.py[line:275] INFO |
Tue, 07 12 2016 17:30:12 mainframe.py[line:275] INFO |
Tue, 07 12 2016 17:30:13 mainframe.py[line:275] INFO |
Tue, 07 12 2016 17:30:13 mainframe.py[line:275] INFO |
Tue, 07 12 2016 17:30:13 mainframe.py[line:275] INFO |
Tue, 07 12 2016 17:30:14 mainframe.py[line:275] INFO |
Tue, 07 12 2016 17:30:14 mainframe.py[line:275] INFO |
Tue, 07 12 2016 17:30:14 mainframe.py[line:275] INFO |
Tue, 07 12 2016 17:30:14 mainframe.py[line:275] INFO |
Tue, 07 12 2016 17:30:15 mainframe.py[line:275] INFO |
Tue, 07 12 2016 17:30:15 mainframe.py[line:275] INFO |
Tue, 07 12 2016 17:30:15 mainframe.py[line:275] INFO |
Tue, 07 12 2016 17:30:16 mainframe.py[line:275] INFO |
Tue, 07 12 2016 17:30:16 mainframe.py[line:275] INFO |
Tue, 07 12 2016 17:30:16 mainframe.py[line:275] INFO |
Tue, 07 12 2016 17:30:16 mainframe.py[line:275] INFO |
Tue, 07 12 2016 17:30:17 mainframe.py[line:275] INFO |
Tue, 07 12 2016 17:30:17 mainframe.py[line:275] INFO |
Tue, 07 12 2016 17:30:17 mainframe.py[line:275] INFO |
Tue, 07 12 2016 17:30:18 mainframe.py[line:275] INFO |
Tue, 07 12 2016 17:30:18 mainframe.py[line:275] INFO |
Tue, 07 12 2016 17:30:18 mainframe.py[line:275] INFO |
Tue, 07 12 2016 17:30:19 mainframe.py[line:275] INFO |
Tue, 07 12 2016 17:30:19 mainframe.py[line:275] INFO |
Tue, 07 12 2016 17:30:19 mainframe.py[line:275] INFO |
Tue, 07 12 2016 17:30:19 mainframe.py[line:275] INFO |
Tue, 07 12 2016 17:30:20 mainframe.py[line:275] INFO |
Tue, 07 12 2016 17:30:20 mainframe.py[line:275] INFO |
Tue, 07 12 2016 17:30:20 mainframe.py[line:275] INFO |
Tue, 07 12 2016 17:30:21 mainframe.py[line:275] INFO |
Tue, 07 12 2016 17:30:21 mainframe.py[line:275] INFO |
Tue, 07 12 2016 17:30:21 mainframe.py[line:275] INFO |
Tue, 07 12 2016 17:30:22 mainframe.py[line:275] INFO |
Tue, 07 12 2016 17:30:22 mainframe.py[line:275] INFO |
Tue, 07 12 2016 17:30:23 mainframe.py[line:275] INFO |
Tue, 07 12 2016 17:30:23 mainframe.py[line:275] INFO |
Tue, 07 12 2016 17:30:23 mainframe.py[line:275] INFO |
Tue, 07 12 2016 17:30:23 mainframe.py[line:275] INFO |
Tue, 07 12 2016 17:30:24 mainframe.py[line:275] INFO |
Tue, 07 12 2016 17:30:24 mainframe.py[line:275] INFO |
Tue, 07 12 2016 17:30:24 mainframe.py[line:275] INFO |
Tue, 07 12 2016 17:30:25 mainframe.py[line:275] INFO |
Tue, 07 12 2016 17:30:25 mainframe.py[line:275] INFO |
Tue, 07 12 2016 17:30:25 mainframe.py[line:275] INFO |
Tue, 07 12 2016 17:30:26 mainframe.py[line:275] INFO |
Tue, 07 12 2016 17:30:26 mainframe.py[line:275] INFO |
Tue, 07 12 2016 17:30:26 mainframe.py[line:275] INFO |
Tue, 07 12 2016 17:30:27 mainframe.py[line:275] INFO |
Tue, 07 12 2016 17:30:27 mainframe.py[line:275] INFO |
Tue, 07 12 2016 17:30:27 mainframe.py[line:275] INFO |
Tue, 07 12 2016 17:30:27 mainframe.py[line:275] INFO |
Tue, 07 12 2016 17:30:28 mainframe.py[line:275] INFO |
Tue, 07 12 2016 17:30:28 mainframe.py[line:275] INFO |
Tue, 07 12 2016 17:30:28 mainframe.py[line:275] INFO |
Tue, 07 12 2016 17:30:29 mainframe.py[line:275] INFO |
Tue, 07 12 2016 17:30:29 mainframe.py[line:275] INFO |
Tue, 07 12 2016 17:30:29 mainframe.py[line:275] INFO |
Tue, 07 12 2016 17:30:29 mainframe.py[line:275] INFO |
Tue, 07 12 2016 17:30:30 mainframe.py[line:275] INFO |
Tue, 07 12 2016 17:30:30 mainframe.py[line:275] INFO |
Tue, 07 12 2016 17:30:30 mainframe.py[line:275] INFO |
Tue, 07 12 2016 17:30:31 mainframe.py[line:275] INFO |
Tue, 07 12 2016 17:30:31 mainframe.py[line:275] INFO |
Tue, 07 12 2016 17:30:31 mainframe.py[line:275] INFO |
Tue, 07 12 2016 17:30:32 mainframe.py[line:275] INFO |
Tue, 07 12 2016 17:30:32 mainframe.py[line:275] INFO |
Tue, 07 12 2016 17:30:32 mainframe.py[line:275] INFO |
Tue, 07 12 2016 17:30:33 mainframe.py[line:275] INFO |
Tue, 07 12 2016 17:30:33 mainframe.py[line:275] INFO |
Tue, 07 12 2016 17:30:33 mainframe.py[line:275] INFO |
Tue, 07 12 2016 17:30:34 mainframe.py[line:275] INFO |
Tue, 07 12 2016 17:30:34 mainframe.py[line:275] INFO |
Tue, 07 12 2016 17:30:34 mainframe.py[line:275] INFO |
Tue, 07 12 2016 17:30:34 mainframe.py[line:275] INFO |
Tue, 07 12 2016 17:30:35 mainframe.py[line:275] INFO |
Tue, 07 12 2016 17:30:35 mainframe.py[line:275] INFO |
Tue, 07 12 2016 17:30:35 mainframe.py[line:275] INFO |
Tue, 07 12 2016 17:30:36 mainframe.py[line:275] INFO |
Tue, 07 12 2016 17:30:36 mainframe.py[line:275] INFO |
Tue, 07 12 2016 17:30:36 mainframe.py[line:275] INFO |
Tue, 07 12 2016 17:30:37 mainframe.py[line:275] INFO |
Tue, 07 12 2016 17:30:37 mainframe.py[line:275] INFO |
Tue, 07 12 2016 17:30:37 mainframe.py[line:275] INFO |
Tue, 07 12 2016 17:30:38 mainframe.py[line:275] INFO |
Tue, 07 12 2016 17:30:38 mainframe.py[line:275] INFO |
Tue, 07 12 2016 17:30:38 mainframe.py[line:275] INFO |
Tue, 07 12 2016 17:30:38 mainframe.py[line:275] INFO |
Tue, 07 12 2016 17:30:39 mainframe.py[line:275] INFO |
Tue, 07 12 2016 17:30:39 mainframe.py[line:275] INFO |
Tue, 07 12 2016 17:30:39 mainframe.py[line:275] INFO |
Tue, 07 12 2016 17:30:40 mainframe.py[line:275] INFO |
Tue, 07 12 2016 17:30:40 mainframe.py[line:275] INFO |
Tue, 07 12 2016 17:30:40 mainframe.py[line:275] INFO |
Tue, 07 12 2016 17:30:41 mainframe.py[line:275] INFO |
Tue, 07 12 2016 17:30:41 mainframe.py[line:275] INFO |
Tue, 07 12 2016 17:30:41 mainframe.py[line:275] INFO |
Tue, 07 12 2016 17:30:41 mainframe.py[line:275] INFO |
Tue, 07 12 2016 17:30:42 mainframe.py[line:275] INFO |
Tue, 07 12 2016 17:30:42 mainframe.py[line:275] INFO |
Tue, 07 12 2016 17:30:42 mainframe.py[line:275] INFO |
Tue, 07 12 2016 17:30:42 mainframe.py[line:275] INFO |
Tue, 07 12 2016 17:30:43 mainframe.py[line:275] INFO |
Tue, 07 12 2016 17:30:43 mainframe.py[line:275] INFO |
Tue, 07 12 2016 17:30:43 mainframe.py[line:275] INFO |
Tue, 07 12 2016 17:30:44 mainframe.py[line:275] INFO |
Tue, 07 12 2016 17:30:44 mainframe.py[line:275] INFO |
Tue, 07 12 2016 17:30:44 mainframe.py[line:275] INFO |
Tue, 07 12 2016 17:30:45 mainframe.py[line:275] INFO |
Tue, 07 12 2016 17:30:45 mainframe.py[line:275] INFO |
Tue, 07 12 2016 17:30:45 mainframe.py[line:275] INFO |
Tue, 07 12 2016 17:30:45 mainframe.py[line:275] INFO |
Tue, 07 12 2016 17:30:46 mainframe.py[line:275] INFO |
Tue, 07 12 2016 17:30:46 mainframe.py[line:275] INFO |
Tue, 07 12 2016 17:30:46 mainframe.py[line:275] INFO |
Tue, 07 12 2016 17:30:47 mainframe.py[line:275] INFO |
Tue, 07 12 2016 17:30:47 mainframe.py[line:275] INFO |
Tue, 07 12 2016 17:30:47 mainframe.py[line:275] INFO |
Tue, 07 12 2016 17:30:48 mainframe.py[line:275] INFO |
Tue, 07 12 2016 17:30:48 mainframe.py[line:275] INFO |
Tue, 07 12 2016 17:30:48 mainframe.py[line:275] INFO |
Tue, 07 12 2016 17:30:49 mainframe.py[line:275] INFO |
Tue, 07 12 2016 17:30:49 mainframe.py[line:275] INFO |
Tue, 07 12 2016 17:30:49 mainframe.py[line:275] INFO |
Tue, 07 12 2016 17:30:50 mainframe.py[line:275] INFO |
Tue, 07 12 2016 17:30:50 mainframe.py[line:275] INFO |
Tue, 07 12 2016 17:30:51 mainframe.py[line:275] INFO |
Tue, 07 12 2016 17:30:51 mainframe.py[line:275] INFO |
Tue, 07 12 2016 17:30:51 mainframe.py[line:275] INFO |
Tue, 07 12 2016 17:30:51 mainframe.py[line:275] INFO |
Tue, 07 12 2016 17:30:52 mainframe.py[line:275] INFO |
Tue, 07 12 2016 17:30:52 mainframe.py[line:275] INFO |
Tue, 07 12 2016 17:30:52 mainframe.py[line:275] INFO |
Tue, 07 12 2016 17:30:53 mainframe.py[line:275] INFO |
Tue, 07 12 2016 17:30:53 mainframe.py[line:275] INFO |
Tue, 07 12 2016 17:30:53 mainframe.py[line:275] INFO |
Tue, 07 12 2016 17:30:53 mainframe.py[line:275] INFO |
Tue, 07 12 2016 17:30:54 mainframe.py[line:275] INFO |
Tue, 07 12 2016 17:30:55 mainframe.py[line:275] INFO |
Tue, 07 12 2016 17:30:55 mainframe.py[line:275] INFO |
Tue, 07 12 2016 17:30:55 mainframe.py[line:275] INFO |
Tue, 07 12 2016 17:30:55 mainframe.py[line:275] INFO |
Tue, 07 12 2016 17:30:56 mainframe.py[line:275] INFO |
Tue, 07 12 2016 17:30:56 mainframe.py[line:275] INFO |
Tue, 07 12 2016 17:30:56 mainframe.py[line:275] INFO |
Tue, 07 12 2016 17:30:57 mainframe.py[line:275] INFO |
Tue, 07 12 2016 17:30:57 mainframe.py[line:275] INFO |
Tue, 07 12 2016 17:30:57 mainframe.py[line:275] INFO |
Tue, 07 12 2016 17:30:57 mainframe.py[line:275] INFO |
Tue, 07 12 2016 17:30:58 mainframe.py[line:275] INFO |
Tue, 07 12 2016 17:30:58 mainframe.py[line:275] INFO |
Tue, 07 12 2016 17:30:58 mainframe.py[line:275] INFO |
Tue, 07 12 2016 17:30:59 mainframe.py[line:275] INFO |
Tue, 07 12 2016 17:30:59 mainframe.py[line:275] INFO |
Tue, 07 12 2016 17:30:59 mainframe.py[line:275] INFO |
Tue, 07 12 2016 17:31:00 mainframe.py[line:275] INFO |
Tue, 07 12 2016 17:31:00 mainframe.py[line:275] INFO |
Tue, 07 12 2016 17:31:00 mainframe.py[line:275] INFO |
Tue, 07 12 2016 17:31:01 mainframe.py[line:275] INFO |
Tue, 07 12 2016 17:31:01 mainframe.py[line:275] INFO |
Tue, 07 12 2016 17:31:01 mainframe.py[line:275] INFO |
Tue, 07 12 2016 17:31:02 mainframe.py[line:275] INFO |
Tue, 07 12 2016 17:31:02 mainframe.py[line:275] INFO |
Tue, 07 12 2016 17:31:02 mainframe.py[line:275] INFO |
Tue, 07 12 2016 17:31:03 mainframe.py[line:275] INFO |
Tue, 07 12 2016 17:31:03 mainframe.py[line:275] INFO |
Tue, 07 12 2016 17:31:03 mainframe.py[line:275] INFO |
Tue, 07 12 2016 17:31:04 mainframe.py[line:275] INFO |
Tue, 07 12 2016 17:31:04 mainframe.py[line:275] INFO |
Tue, 07 12 2016 17:31:04 mainframe.py[line:275] INFO |
Tue, 07 12 2016 17:31:04 mainframe.py[line:275] INFO |
Tue, 07 12 2016 17:31:05 mainframe.py[line:275] INFO |
Tue, 07 12 2016 17:31:05 mainframe.py[line:275] INFO |
Tue, 07 12 2016 17:31:05 mainframe.py[line:275] INFO |
Tue, 07 12 2016 17:31:06 mainframe.py[line:275] INFO |
Tue, 07 12 2016 17:31:06 mainframe.py[line:275] INFO |
Tue, 07 12 2016 17:31:07 mainframe.py[line:275] INFO |
Tue, 07 12 2016 17:31:07 mainframe.py[line:275] INFO |
Tue, 07 12 2016 17:31:07 mainframe.py[line:275] INFO |
Tue, 07 12 2016 17:31:07 mainframe.py[line:275] INFO |
Tue, 07 12 2016 17:31:08 mainframe.py[line:275] INFO |
Tue, 07 12 2016 17:31:08 mainframe.py[line:275] INFO |
Tue, 07 12 2016 17:31:08 mainframe.py[line:275] INFO |
Tue, 07 12 2016 17:31:09 mainframe.py[line:275] INFO |
Tue, 07 12 2016 17:31:09 mainframe.py[line:275] INFO |
Tue, 07 12 2016 17:31:10 mainframe.py[line:275] INFO |
Tue, 07 12 2016 17:31:10 mainframe.py[line:275] INFO |
Tue, 07 12 2016 17:31:10 mainframe.py[line:275] INFO |
Tue, 07 12 2016 17:31:11 mainframe.py[line:275] INFO |
Tue, 07 12 2016 17:31:11 mainframe.py[line:275] INFO |
Tue, 07 12 2016 17:31:11 mainframe.py[line:275] INFO |
Tue, 07 12 2016 17:31:12 mainframe.py[line:275] INFO |
Tue, 07 12 2016 17:31:12 mainframe.py[line:275] INFO |
Tue, 07 12 2016 17:31:12 mainframe.py[line:275] INFO |
Tue, 07 12 2016 17:31:13 mainframe.py[line:275] INFO |
Tue, 07 12 2016 17:31:13 mainframe.py[line:275] INFO |
Tue, 07 12 2016 17:31:13 mainframe.py[line:275] INFO |
Tue, 07 12 2016 17:31:14 mainframe.py[line:275] INFO |
Tue, 07 12 2016 17:31:14 mainframe.py[line:275] INFO |
Tue, 07 12 2016 17:31:14 mainframe.py[line:275] INFO |
Tue, 07 12 2016 17:31:14 mainframe.py[line:275] INFO |
Tue, 07 12 2016 17:31:15 mainframe.py[line:275] INFO |
Tue, 07 12 2016 17:31:15 mainframe.py[line:275] INFO |
Tue, 07 12 2016 17:31:15 mainframe.py[line:275] INFO |
Tue, 07 12 2016 17:31:16 mainframe.py[line:275] INFO |
Tue, 07 12 2016 17:31:16 mainframe.py[line:275] INFO |
Tue, 07 12 2016 17:31:17 mainframe.py[line:275] INFO |
Tue, 07 12 2016 17:31:17 mainframe.py[line:275] INFO |
Tue, 07 12 2016 17:31:17 mainframe.py[line:275] INFO |
Tue, 07 12 2016 17:31:17 mainframe.py[line:275] INFO |
Tue, 07 12 2016 17:31:18 mainframe.py[line:275] INFO |
Tue, 07 12 2016 17:31:18 mainframe.py[line:275] INFO |
Tue, 07 12 2016 17:31:18 mainframe.py[line:275] INFO |
Tue, 07 12 2016 17:31:19 mainframe.py[line:275] INFO |
Tue, 07 12 2016 17:31:19 mainframe.py[line:275] INFO |
Tue, 07 12 2016 17:31:19 mainframe.py[line:275] INFO |
Tue, 07 12 2016 17:31:20 mainframe.py[line:275] INFO |
Tue, 07 12 2016 17:31:20 mainframe.py[line:275] INFO |
Tue, 07 12 2016 17:31:21 mainframe.py[line:275] INFO |
Tue, 07 12 2016 17:31:21 mainframe.py[line:275] INFO |
Tue, 07 12 2016 17:31:22 mainframe.py[line:275] INFO |
Tue, 07 12 2016 17:31:22 mainframe.py[line:275] INFO |
Tue, 07 12 2016 17:31:22 mainframe.py[line:275] INFO |
Tue, 07 12 2016 17:31:23 mainframe.py[line:275] INFO |
Tue, 07 12 2016 17:31:23 mainframe.py[line:275] INFO |
Tue, 07 12 2016 17:31:23 mainframe.py[line:275] INFO |
Tue, 07 12 2016 17:31:24 mainframe.py[line:275] INFO |
Tue, 07 12 2016 17:31:24 mainframe.py[line:275] INFO |
Tue, 07 12 2016 17:31:24 mainframe.py[line:275] INFO |
Tue, 07 12 2016 17:31:24 mainframe.py[line:275] INFO |
Tue, 07 12 2016 17:31:25 mainframe.py[line:275] INFO |
Tue, 07 12 2016 17:31:25 mainframe.py[line:275] INFO |
Tue, 07 12 2016 17:31:26 mainframe.py[line:275] INFO |
Tue, 07 12 2016 17:31:26 mainframe.py[line:275] INFO |
Tue, 07 12 2016 17:31:26 mainframe.py[line:275] INFO |
Tue, 07 12 2016 17:31:26 mainframe.py[line:275] INFO |
Tue, 07 12 2016 17:31:27 mainframe.py[line:275] INFO |
Tue, 07 12 2016 17:31:27 mainframe.py[line:275] INFO |
Tue, 07 12 2016 17:31:27 mainframe.py[line:275] INFO |
Tue, 07 12 2016 17:31:28 mainframe.py[line:275] INFO |
Tue, 07 12 2016 17:31:28 mainframe.py[line:275] INFO |
Tue, 07 12 2016 17:31:28 mainframe.py[line:275] INFO |
Tue, 07 12 2016 17:31:29 mainframe.py[line:275] INFO |
Tue, 07 12 2016 17:31:29 mainframe.py[line:275] INFO |
Tue, 07 12 2016 17:31:29 mainframe.py[line:275] INFO |
Tue, 07 12 2016 17:31:30 mainframe.py[line:275] INFO |
Tue, 07 12 2016 17:31:30 mainframe.py[line:275] INFO |
Tue, 07 12 2016 17:31:30 mainframe.py[line:275] INFO |
Tue, 07 12 2016 17:31:30 mainframe.py[line:275] INFO |
Tue, 07 12 2016 17:31:31 mainframe.py[line:275] INFO |
Tue, 07 12 2016 17:31:31 mainframe.py[line:275] INFO |
Tue, 07 12 2016 17:31:31 mainframe.py[line:275] INFO |
Tue, 07 12 2016 17:31:32 mainframe.py[line:275] INFO |
Tue, 07 12 2016 17:31:32 mainframe.py[line:275] INFO |
Tue, 07 12 2016 17:31:33 mainframe.py[line:275] INFO |
Tue, 07 12 2016 17:31:33 mainframe.py[line:275] INFO |
Tue, 07 12 2016 17:31:33 mainframe.py[line:275] INFO |
Tue, 07 12 2016 17:31:33 mainframe.py[line:275] INFO |
Tue, 07 12 2016 17:31:34 mainframe.py[line:275] INFO |
Tue, 07 12 2016 17:31:34 mainframe.py[line:275] INFO |
Tue, 07 12 2016 17:31:52 mainframe.py[line:275] INFO 开始下载武汉数据
Tue, 07 12 2016 17:31:53 mainframe.py[line:275] INFO 共112页,当天正在下载第2页
Tue, 07 12 2016 17:31:55 mainframe.py[line:275] INFO 共112页,当天正在下载第3页
Tue, 07 12 2016 17:31:56 mainframe.py[line:275] INFO 共112页,当天正在下载第4页
Tue, 07 12 2016 17:31:57 mainframe.py[line:275] INFO 共112页,当天正在下载第5页
Tue, 07 12 2016 17:31:59 mainframe.py[line:275] INFO 共112页,当天正在下载第6页
Tue, 07 12 2016 17:32:00 mainframe.py[line:275] INFO 共112页,当天正在下载第7页
Tue, 07 12 2016 17:32:01 mainframe.py[line:275] INFO 共112页,当天正在下载第8页
Tue, 07 12 2016 17:32:02 mainframe.py[line:275] INFO 共112页,当天正在下载第9页
Tue, 07 12 2016 17:32:03 mainframe.py[line:275] INFO 共112页,当天正在下载第10页
Tue, 07 12 2016 17:32:04 mainframe.py[line:275] INFO 共112页,当天正在下载第11页
Tue, 07 12 2016 17:32:05 mainframe.py[line:275] INFO 共112页,当天正在下载第12页
Tue, 07 12 2016 17:32:06 mainframe.py[line:275] INFO 共112页,当天正在下载第13页
Tue, 07 12 2016 17:32:08 mainframe.py[line:275] INFO 共112页,当天正在下载第14页
Tue, 07 12 2016 17:32:09 mainframe.py[line:275] INFO 共112页,当天正在下载第15页
Tue, 07 12 2016 17:32:10 mainframe.py[line:275] INFO 共112页,当天正在下载第16页
Tue, 07 12 2016 17:32:11 mainframe.py[line:275] INFO 共112页,当天正在下载第17页
Tue, 07 12 2016 17:32:12 mainframe.py[line:275] INFO 共112页,当天正在下载第18页
Tue, 07 12 2016 17:32:13 mainframe.py[line:275] INFO 共112页,当天正在下载第19页
Tue, 07 12 2016 17:32:14 mainframe.py[line:275] INFO 共112页,当天正在下载第20页
Tue, 07 12 2016 17:32:16 mainframe.py[line:275] INFO 共112页,当天正在下载第21页
Tue, 07 12 2016 17:32:17 mainframe.py[line:275] INFO 共112页,当天正在下载第22页
Tue, 07 12 2016 17:32:18 mainframe.py[line:275] INFO 共112页,当天正在下载第23页
Tue, 07 12 2016 17:32:19 mainframe.py[line:275] INFO 共112页,当天正在下载第24页
Tue, 07 12 2016 17:32:20 mainframe.py[line:275] INFO 共112页,当天正在下载第25页
Tue, 07 12 2016 17:32:21 mainframe.py[line:275] INFO 共112页,当天正在下载第26页
Tue, 07 12 2016 17:32:22 mainframe.py[line:275] INFO 共112页,当天正在下载第27页
Tue, 07 12 2016 17:32:24 mainframe.py[line:275] INFO 共112页,当天正在下载第28页
Tue, 07 12 2016 17:32:25 mainframe.py[line:275] INFO 共112页,当天正在下载第29页
Tue, 07 12 2016 17:32:26 mainframe.py[line:275] INFO 共112页,当天正在下载第30页
Tue, 07 12 2016 17:32:27 mainframe.py[line:275] INFO 共112页,当天正在下载第31页
Tue, 07 12 2016 17:32:28 mainframe.py[line:275] INFO 共112页,当天正在下载第32页
Tue, 07 12 2016 17:32:29 mainframe.py[line:275] INFO 共112页,当天正在下载第33页
Tue, 07 12 2016 17:32:31 mainframe.py[line:275] INFO 共112页,当天正在下载第34页
Tue, 07 12 2016 17:32:32 mainframe.py[line:275] INFO 共112页,当天正在下载第35页
Tue, 07 12 2016 17:32:33 mainframe.py[line:275] INFO 共112页,当天正在下载第36页
Tue, 07 12 2016 17:32:34 mainframe.py[line:275] INFO 共112页,当天正在下载第37页
Tue, 07 12 2016 17:32:35 mainframe.py[line:275] INFO 共112页,当天正在下载第38页
Tue, 07 12 2016 17:32:36 mainframe.py[line:275] INFO 共112页,当天正在下载第39页
Tue, 07 12 2016 17:32:37 mainframe.py[line:275] INFO 共112页,当天正在下载第40页
Tue, 07 12 2016 17:32:38 mainframe.py[line:275] INFO 共112页,当天正在下载第41页
Tue, 07 12 2016 17:32:39 mainframe.py[line:275] INFO 共112页,当天正在下载第42页
Tue, 07 12 2016 17:32:40 mainframe.py[line:275] INFO 共112页,当天正在下载第43页
Tue, 07 12 2016 17:32:41 mainframe.py[line:275] INFO 共112页,当天正在下载第44页
Tue, 07 12 2016 17:32:42 mainframe.py[line:275] INFO 共112页,当天正在下载第45页
Tue, 07 12 2016 17:32:44 mainframe.py[line:275] INFO 共112页,当天正在下载第46页
Tue, 07 12 2016 17:32:45 mainframe.py[line:275] INFO 共112页,当天正在下载第47页
Tue, 07 12 2016 17:32:46 mainframe.py[line:275] INFO 共112页,当天正在下载第48页
Tue, 07 12 2016 17:32:47 mainframe.py[line:275] INFO 共112页,当天正在下载第49页
Tue, 07 12 2016 17:32:48 mainframe.py[line:275] INFO 共112页,当天正在下载第50页
Tue, 07 12 2016 17:32:49 mainframe.py[line:275] INFO 共112页,当天正在下载第51页
Tue, 07 12 2016 17:32:50 mainframe.py[line:275] INFO 共112页,当天正在下载第52页
Tue, 07 12 2016 17:32:52 mainframe.py[line:275] INFO 共112页,当天正在下载第53页
Tue, 07 12 2016 17:32:53 mainframe.py[line:275] INFO 共112页,当天正在下载第54页
Tue, 07 12 2016 17:32:54 mainframe.py[line:275] INFO 共112页,当天正在下载第55页
Tue, 07 12 2016 17:32:55 mainframe.py[line:275] INFO 共112页,当天正在下载第56页
Tue, 07 12 2016 17:32:56 mainframe.py[line:275] INFO 共112页,当天正在下载第57页
Tue, 07 12 2016 17:32:57 mainframe.py[line:275] INFO 共112页,当天正在下载第58页
Tue, 07 12 2016 17:32:58 mainframe.py[line:275] INFO 共112页,当天正在下载第59页
Tue, 07 12 2016 17:32:59 mainframe.py[line:275] INFO 共112页,当天正在下载第60页
Tue, 07 12 2016 17:33:00 mainframe.py[line:275] INFO 共112页,当天正在下载第61页
Tue, 07 12 2016 17:33:02 mainframe.py[line:275] INFO 共112页,当天正在下载第62页
Tue, 07 12 2016 17:33:03 mainframe.py[line:275] INFO 共112页,当天正在下载第63页
Tue, 07 12 2016 17:33:04 mainframe.py[line:275] INFO 共112页,当天正在下载第64页
Tue, 07 12 2016 17:33:05 mainframe.py[line:275] INFO 共112页,当天正在下载第65页
Tue, 07 12 2016 17:33:06 mainframe.py[line:275] INFO 共112页,当天正在下载第66页
Tue, 07 12 2016 17:33:07 mainframe.py[line:275] INFO 共112页,当天正在下载第67页
Tue, 07 12 2016 17:33:08 mainframe.py[line:275] INFO 共112页,当天正在下载第68页
Tue, 07 12 2016 17:33:09 mainframe.py[line:275] INFO 共112页,当天正在下载第69页
Tue, 07 12 2016 17:33:10 mainframe.py[line:275] INFO 共112页,当天正在下载第70页
Tue, 07 12 2016 17:33:11 mainframe.py[line:275] INFO 共112页,当天正在下载第71页
Tue, 07 12 2016 17:33:13 mainframe.py[line:275] INFO 共112页,当天正在下载第72页
Tue, 07 12 2016 17:33:14 mainframe.py[line:275] INFO 共112页,当天正在下载第73页
Tue, 07 12 2016 17:33:15 mainframe.py[line:275] INFO 共112页,当天正在下载第74页
Tue, 07 12 2016 17:33:16 mainframe.py[line:275] INFO 共112页,当天正在下载第75页
Tue, 07 12 2016 17:33:17 mainframe.py[line:275] INFO 共112页,当天正在下载第76页
Tue, 07 12 2016 17:33:18 mainframe.py[line:275] INFO 共112页,当天正在下载第77页
Tue, 07 12 2016 17:33:19 mainframe.py[line:275] INFO 共112页,当天正在下载第78页
Tue, 07 12 2016 17:33:20 mainframe.py[line:275] INFO 共112页,当天正在下载第79页
Tue, 07 12 2016 17:33:22 mainframe.py[line:275] INFO 共112页,当天正在下载第80页
Tue, 07 12 2016 17:33:23 mainframe.py[line:275] INFO 共112页,当天正在下载第81页
Tue, 07 12 2016 17:33:24 mainframe.py[line:275] INFO 共112页,当天正在下载第82页
Tue, 07 12 2016 17:33:25 mainframe.py[line:275] INFO 共112页,当天正在下载第83页
Tue, 07 12 2016 17:33:26 mainframe.py[line:275] INFO 共112页,当天正在下载第84页
Tue, 07 12 2016 17:33:27 mainframe.py[line:275] INFO 共112页,当天正在下载第85页
Tue, 07 12 2016 17:33:28 mainframe.py[line:275] INFO 共112页,当天正在下载第86页
Tue, 07 12 2016 17:33:29 mainframe.py[line:275] INFO 共112页,当天正在下载第87页
Tue, 07 12 2016 17:33:31 mainframe.py[line:275] INFO 共112页,当天正在下载第88页
Tue, 07 12 2016 17:33:32 mainframe.py[line:275] INFO 共112页,当天正在下载第89页
Tue, 07 12 2016 17:33:33 mainframe.py[line:275] INFO 共112页,当天正在下载第90页
Tue, 07 12 2016 17:33:34 mainframe.py[line:275] INFO 共112页,当天正在下载第91页
Tue, 07 12 2016 17:33:35 mainframe.py[line:275] INFO 共112页,当天正在下载第92页
Tue, 07 12 2016 17:33:36 mainframe.py[line:275] INFO 共112页,当天正在下载第93页
Tue, 07 12 2016 17:33:37 mainframe.py[line:275] INFO 共112页,当天正在下载第94页
Tue, 07 12 2016 17:33:39 mainframe.py[line:275] INFO 共112页,当天正在下载第95页
Tue, 07 12 2016 17:33:40 mainframe.py[line:275] INFO 共112页,当天正在下载第96页
Tue, 07 12 2016 17:33:41 mainframe.py[line:275] INFO 共112页,当天正在下载第97页
Tue, 07 12 2016 17:33:42 mainframe.py[line:275] INFO 共112页,当天正在下载第98页
Tue, 07 12 2016 17:33:43 mainframe.py[line:275] INFO 共112页,当天正在下载第99页
Tue, 07 12 2016 17:33:44 mainframe.py[line:275] INFO 共112页,当天正在下载第100页
Tue, 07 12 2016 17:33:45 mainframe.py[line:275] INFO 共112页,当天正在下载第101页
Tue, 07 12 2016 17:33:47 mainframe.py[line:275] INFO 共112页,当天正在下载第102页
Tue, 07 12 2016 17:33:48 mainframe.py[line:275] INFO 共112页,当天正在下载第103页
Tue, 07 12 2016 17:33:49 mainframe.py[line:275] INFO 共112页,当天正在下载第104页
Tue, 07 12 2016 17:33:50 mainframe.py[line:275] INFO 共112页,当天正在下载第105页
Tue, 07 12 2016 17:33:51 mainframe.py[line:275] INFO 共112页,当天正在下载第106页
Tue, 07 12 2016 17:33:53 mainframe.py[line:275] INFO 共112页,当天正在下载第107页
Tue, 07 12 2016 17:33:54 mainframe.py[line:275] INFO 共112页,当天正在下载第108页
Tue, 07 12 2016 17:33:55 mainframe.py[line:275] INFO 共112页,当天正在下载第109页
Tue, 07 12 2016 17:33:56 mainframe.py[line:275] INFO 共112页,当天正在下载第110页
Tue, 07 12 2016 17:33:57 mainframe.py[line:275] INFO 共112页,当天正在下载第111页
Tue, 07 12 2016 17:33:58 mainframe.py[line:275] INFO 共112页,当天正在下载第112页
Tue, 07 12 2016 17:33:59 mainframe.py[line:275] INFO 数据分析中...
Tue, 07 12 2016 17:33:59 mainframe.py[line:275] INFO 数据保存成功
Tue, 07 12 2016 17:34:42 mainframe.py[line:275] INFO 加载数据中...
Tue, 07 12 2016 17:34:43 __init__.py[line:111] DEBUG Building prefix dict from the default dictionary ...
Tue, 07 12 2016 17:34:43 __init__.py[line:131] DEBUG Loading model from cache C:\Users\audaque\AppData\Local\Temp\jieba.cache
Tue, 07 12 2016 17:34:44 __init__.py[line:163] DEBUG Loading model cost 1.143 seconds.
Tue, 07 12 2016 17:34:44 __init__.py[line:164] DEBUG Prefix dict has been built succesfully.
Tue, 07 12 2016 17:34:44 mainframe.py[line:275] INFO 加载数据完成
